2019-04-19 12:37:52,909 INFO [1] [C:\Projects\Rekurencjon\Rekurencjon\Program.cs] MoveNext() line:120: Starting Rekurencjon
2019-04-19 12:37:52,935 INFO [1] [C:\Projects\Rekurencjon\Rekurencjon\Program.cs] DeleteOldLogs() line:109: deleted 0 old logs
2019-04-19 12:37:52,937 INFO [1] [C:\Projects\Rekurencjon\Rekurencjon\Program.cs] MoveNext() line:123: Started performance timer
2019-04-19 12:37:53,826 INFO [1] [C:\Projects\Rekurencjon\Rekurencjon\Program.cs] DeleteOldPaths() line:62: deleted 0 builds
2019-04-19 12:43:09,998 INFO [1] [C:\Projects\Rekurencjon\Rekurencjon\Program.cs] DeleteNotExistingBuild() line:71: deleted 0 builds
2019-04-19 12:43:10,003 INFO [1] [C:\Projects\Rekurencjon\Rekurencjon\PathFinder.cs] MoveNext() line:68: Started getting path, it will take a while...
2019-04-19 12:46:10,750 WARN [39] [C:\Projects\Rekurencjon\Rekurencjon\BuildsFactory.cs] GetBrand() line:143: Unable to get brand for: \\demant.com\data\KBN\RnD\SWS\Build\Arizona\Phoenix\Nightly-19.2\Phoenix.Nightly-FL120ChangesForIP720-b280554\DevResults-19.2\Phoenix.EmulatorProgram.5.0.0-b280554.exe
2019-04-19 12:46:10,757 WARN [39] [C:\Projects\Rekurencjon\Rekurencjon\BuildsFactory.cs] GetBrand() line:143: Unable to get brand for: \\demant.com\data\KBN\RnD\SWS\Build\Arizona\Phoenix\Nightly-19.2\Phoenix.Nightly-FL120ChangesForIP720-b280554\DevResults-19.2\Phoenix.EmulatorProgram.5.0.0-b280554.exe
2019-04-19 12:46:10,759 WARN [39] [C:\Projects\Rekurencjon\Rekurencjon\BuildsFactory.cs] MoveNext() line:66: Unable to create build: \\demant.com\data\KBN\RnD\SWS\Build\Arizona\Phoenix\Nightly-19.2\Phoenix.Nightly-FL120ChangesForIP720-b280554\DevResults-19.2\Phoenix.EmulatorProgram.5.0.0-b280554.exe
2019-04-19 12:46:10,760 WARN [23] [C:\Projects\Rekurencjon\Rekurencjon\BuildsFactory.cs] GetBrand() line:143: Unable to get brand for: \\demant.com\data\KBN\RnD\SWS\Build\Arizona\Phoenix\Nightly-19.2\Phoenix.Nightly-IP720-b280441\DevResults-19.2\Phoenix.EmulatorProgram.5.0.0-b280441.exe
2019-04-19 12:46:10,762 WARN [23] [C:\Projects\Rekurencjon\Rekurencjon\BuildsFactory.cs] GetBrand() line:143: Unable to get brand for: \\demant.com\data\KBN\RnD\SWS\Build\Arizona\Phoenix\Nightly-19.2\Phoenix.Nightly-IP720-b280441\DevResults-19.2\Phoenix.EmulatorProgram.5.0.0-b280441.exe
2019-04-19 12:46:10,764 WARN [23] [C:\Projects\Rekurencjon\Rekurencjon\BuildsFactory.cs] MoveNext() line:66: Unable to create build: \\demant.com\data\KBN\RnD\SWS\Build\Arizona\Phoenix\Nightly-19.2\Phoenix.Nightly-IP720-b280441\DevResults-19.2\Phoenix.EmulatorProgram.5.0.0-b280441.exe
2019-04-19 12:46:10,766 WARN [38] [C:\Projects\Rekurencjon\Rekurencjon\BuildsFactory.cs] GetBrand() line:143: Unable to get brand for: \\demant.com\data\KBN\RnD\SWS\Build\Arizona\Phoenix\Nightly-19.2\Phoenix.Nightly-IP720-b280515\DevResults-19.2\Phoenix.EmulatorProgram.5.0.2-b280515.exe
2019-04-19 12:46:10,768 WARN [38] [C:\Projects\Rekurencjon\Rekurencjon\BuildsFactory.cs] GetBrand() line:143: Unable to get brand for: \\demant.com\data\KBN\RnD\SWS\Build\Arizona\Phoenix\Nightly-19.2\Phoenix.Nightly-IP720-b280515\DevResults-19.2\Phoenix.EmulatorProgram.5.0.2-b280515.exe
2019-04-19 12:46:10,770 WARN [38] [C:\Projects\Rekurencjon\Rekurencjon\BuildsFactory.cs] MoveNext() line:66: Unable to create build: \\demant.com\data\KBN\RnD\SWS\Build\Arizona\Phoenix\Nightly-19.2\Phoenix.Nightly-IP720-b280515\DevResults-19.2\Phoenix.EmulatorProgram.5.0.2-b280515.exe
2019-04-19 12:46:10,774 WARN [27] [C:\Projects\Rekurencjon\Rekurencjon\BuildsFactory.cs] GetBrand() line:143: Unable to get brand for: \\demant.com\data\KBN\RnD\SWS\Build\Arizona\Phoenix\Nightly-19.2\Phoenix.Nightly-IP720-b280717\DevResults-19.2\Phoenix.EmulatorProgram.5.0.5-b280717.exe
2019-04-19 12:46:10,776 WARN [27] [C:\Projects\Rekurencjon\Rekurencjon\BuildsFactory.cs] GetBrand() line:143: Unable to get brand for: \\demant.com\data\KBN\RnD\SWS\Build\Arizona\Phoenix\Nightly-19.2\Phoenix.Nightly-IP720-b280717\DevResults-19.2\Phoenix.EmulatorProgram.5.0.5-b280717.exe
2019-04-19 12:46:10,779 WARN [27] [C:\Projects\Rekurencjon\Rekurencjon\BuildsFactory.cs] MoveNext() line:66: Unable to create build: \\demant.com\data\KBN\RnD\SWS\Build\Arizona\Phoenix\Nightly-19.2\Phoenix.Nightly-IP720-b280717\DevResults-19.2\Phoenix.EmulatorProgram.5.0.5-b280717.exe
2019-04-19 12:46:10,780 WARN [27] [C:\Projects\Rekurencjon\Rekurencjon\BuildsFactory.cs] GetBrand() line:143: Unable to get brand for: \\demant.com\data\KBN\RnD\SWS\Build\Arizona\Phoenix\Nightly-19.2\Phoenix.Nightly-IP720-b280921\DevResults-19.2\Phoenix.EmulatorProgram.7.20.1-b280921.exe
2019-04-19 12:46:10,783 WARN [27] [C:\Projects\Rekurencjon\Rekurencjon\BuildsFactory.cs] GetBrand() line:143: Unable to get brand for: \\demant.com\data\KBN\RnD\SWS\Build\Arizona\Phoenix\Nightly-19.2\Phoenix.Nightly-IP720-b280921\DevResults-19.2\Phoenix.EmulatorProgram.7.20.1-b280921.exe
2019-04-19 12:46:10,785 WARN [27] [C:\Projects\Rekurencjon\Rekurencjon\BuildsFactory.cs] MoveNext() line:66: Unable to create build: \\demant.com\data\KBN\RnD\SWS\Build\Arizona\Phoenix\Nightly-19.2\Phoenix.Nightly-IP720-b280921\DevResults-19.2\Phoenix.EmulatorProgram.7.20.1-b280921.exe
2019-04-19 12:46:10,787 WARN [45] [C:\Projects\Rekurencjon\Rekurencjon\BuildsFactory.cs] GetBrand() line:143: Unable to get brand for: \\demant.com\data\KBN\RnD\SWS\Build\Arizona\Phoenix\Nightly-19.2\Phoenix.Nightly-rc-19.2-b280712\DevResults-19.2\Phoenix.EmulatorProgram.7.19.37-b280712.exe
2019-04-19 12:46:10,790 WARN [45] [C:\Projects\Rekurencjon\Rekurencjon\BuildsFactory.cs] GetBrand() line:143: Unable to get brand for: \\demant.com\data\KBN\RnD\SWS\Build\Arizona\Phoenix\Nightly-19.2\Phoenix.Nightly-rc-19.2-b280712\DevResults-19.2\Phoenix.EmulatorProgram.7.19.37-b280712.exe
2019-04-19 12:46:10,794 WARN [45] [C:\Projects\Rekurencjon\Rekurencjon\BuildsFactory.cs] MoveNext() line:66: Unable to create build: \\demant.com\data\KBN\RnD\SWS\Build\Arizona\Phoenix\Nightly-19.2\Phoenix.Nightly-rc-19.2-b280712\DevResults-19.2\Phoenix.EmulatorProgram.7.19.37-b280712.exe
2019-04-19 12:46:10,796 WARN [42] [C:\Projects\Rekurencjon\Rekurencjon\BuildsFactory.cs] GetBrand() line:143: Unable to get brand for: \\demant.com\data\KBN\RnD\SWS\Build\Arizona\Phoenix\Nightly-19.2\Phoenix.Nightly-rc-19.2-b280773\DevResults-19.2\Phoenix.EmulatorProgram.7.19.39-b280773.exe
2019-04-19 12:46:10,797 WARN [42] [C:\Projects\Rekurencjon\Rekurencjon\BuildsFactory.cs] GetBrand() line:143: Unable to get brand for: \\demant.com\data\KBN\RnD\SWS\Build\Arizona\Phoenix\Nightly-19.2\Phoenix.Nightly-rc-19.2-b280773\DevResults-19.2\Phoenix.EmulatorProgram.7.19.39-b280773.exe
2019-04-19 12:46:10,799 WARN [42] [C:\Projects\Rekurencjon\Rekurencjon\BuildsFactory.cs] MoveNext() line:66: Unable to create build: \\demant.com\data\KBN\RnD\SWS\Build\Arizona\Phoenix\Nightly-19.2\Phoenix.Nightly-rc-19.2-b280773\DevResults-19.2\Phoenix.EmulatorProgram.7.19.39-b280773.exe
2019-04-19 12:46:10,801 WARN [31] [C:\Projects\Rekurencjon\Rekurencjon\BuildsFactory.cs] GetBrand() line:143: Unable to get brand for: \\demant.com\data\KBN\RnD\SWS\Build\Arizona\Phoenix\Nightly-19.2\Phoenix.Nightly-rc-19.2-b280961\DevResults-19.2\Phoenix.EmulatorProgram.7.19.50-b280961.exe
2019-04-19 12:46:10,803 WARN [31] [C:\Projects\Rekurencjon\Rekurencjon\BuildsFactory.cs] GetBrand() line:143: Unable to get brand for: \\demant.com\data\KBN\RnD\SWS\Build\Arizona\Phoenix\Nightly-19.2\Phoenix.Nightly-rc-19.2-b280961\DevResults-19.2\Phoenix.EmulatorProgram.7.19.50-b280961.exe
2019-04-19 12:46:10,805 WARN [31] [C:\Projects\Rekurencjon\Rekurencjon\BuildsFactory.cs] MoveNext() line:66: Unable to create build: \\demant.com\data\KBN\RnD\SWS\Build\Arizona\Phoenix\Nightly-19.2\Phoenix.Nightly-rc-19.2-b280961\DevResults-19.2\Phoenix.EmulatorProgram.7.19.50-b280961.exe
2019-04-19 12:46:10,807 WARN [32] [C:\Projects\Rekurencjon\Rekurencjon\BuildsFactory.cs] GetBrand() line:143: Unable to get brand for: \\demant.com\data\KBN\RnD\SWS\Build\Arizona\Phoenix\Nightly-19.2\Phoenix.Nightly-rc-19.2-b280996\DevResults-19.2\Phoenix.EmulatorProgram.7.19.51-b280996.exe
2019-04-19 12:46:10,809 WARN [32] [C:\Projects\Rekurencjon\Rekurencjon\BuildsFactory.cs] GetBrand() line:143: Unable to get brand for: \\demant.com\data\KBN\RnD\SWS\Build\Arizona\Phoenix\Nightly-19.2\Phoenix.Nightly-rc-19.2-b280996\DevResults-19.2\Phoenix.EmulatorProgram.7.19.51-b280996.exe
2019-04-19 12:46:10,811 WARN [32] [C:\Projects\Rekurencjon\Rekurencjon\BuildsFactory.cs] MoveNext() line:66: Unable to create build: \\demant.com\data\KBN\RnD\SWS\Build\Arizona\Phoenix\Nightly-19.2\Phoenix.Nightly-rc-19.2-b280996\DevResults-19.2\Phoenix.EmulatorProgram.7.19.51-b280996.exe
2019-04-19 12:46:10,814 WARN [24] [C:\Projects\Rekurencjon\Rekurencjon\BuildsFactory.cs] GetBrand() line:143: Unable to get brand for: \\demant.com\data\KBN\RnD\SWS\Build\Arizona\Phoenix\Nightly-19.2\Phoenix.Nightly-rc-19.2-b281059\DevResults-19.2\Phoenix.EmulatorProgram.7.19.52-b281059.exe
2019-04-19 12:46:10,816 WARN [24] [C:\Projects\Rekurencjon\Rekurencjon\BuildsFactory.cs] GetBrand() line:143: Unable to get brand for: \\demant.com\data\KBN\RnD\SWS\Build\Arizona\Phoenix\Nightly-19.2\Phoenix.Nightly-rc-19.2-b281059\DevResults-19.2\Phoenix.EmulatorProgram.7.19.52-b281059.exe
2019-04-19 12:46:10,818 WARN [24] [C:\Projects\Rekurencjon\Rekurencjon\BuildsFactory.cs] MoveNext() line:66: Unable to create build: \\demant.com\data\KBN\RnD\SWS\Build\Arizona\Phoenix\Nightly-19.2\Phoenix.Nightly-rc-19.2-b281059\DevResults-19.2\Phoenix.EmulatorProgram.7.19.52-b281059.exe
2019-04-19 12:46:10,819 WARN [24] [C:\Projects\Rekurencjon\Rekurencjon\BuildsFactory.cs] GetBrand() line:143: Unable to get brand for: \\demant.com\data\KBN\RnD\SWS\Build\Arizona\Phoenix\Nightly-19.2\Phoenix.Nightly-rc-19.2-b281077\DevResults-19.2\Phoenix.EmulatorProgram.7.19.55-b281077.exe
2019-04-19 12:46:10,821 WARN [24] [C:\Projects\Rekurencjon\Rekurencjon\BuildsFactory.cs] GetBrand() line:143: Unable to get brand for: \\demant.com\data\KBN\RnD\SWS\Build\Arizona\Phoenix\Nightly-19.2\Phoenix.Nightly-rc-19.2-b281077\DevResults-19.2\Phoenix.EmulatorProgram.7.19.55-b281077.exe
2019-04-19 12:46:10,825 WARN [24] [C:\Projects\Rekurencjon\Rekurencjon\BuildsFactory.cs] MoveNext() line:66: Unable to create build: \\demant.com\data\KBN\RnD\SWS\Build\Arizona\Phoenix\Nightly-19.2\Phoenix.Nightly-rc-19.2-b281077\DevResults-19.2\Phoenix.EmulatorProgram.7.19.55-b281077.exe
2019-04-19 12:46:10,827 WARN [29] [C:\Projects\Rekurencjon\Rekurencjon\BuildsFactory.cs] GetBrand() line:143: Unable to get brand for: \\demant.com\data\KBN\RnD\SWS\Build\Arizona\Phoenix\Nightly-19.2\Phoenix.Nightly-rc-19.2-b281168\DevResults-19.2\Phoenix.EmulatorProgram.7.19.61-b281168.exe
2019-04-19 12:46:10,829 WARN [29] [C:\Projects\Rekurencjon\Rekurencjon\BuildsFactory.cs] GetBrand() line:143: Unable to get brand for: \\demant.com\data\KBN\RnD\SWS\Build\Arizona\Phoenix\Nightly-19.2\Phoenix.Nightly-rc-19.2-b281168\DevResults-19.2\Phoenix.EmulatorProgram.7.19.61-b281168.exe
2019-04-19 12:46:10,830 WARN [29] [C:\Projects\Rekurencjon\Rekurencjon\BuildsFactory.cs] MoveNext() line:66: Unable to create build: \\demant.com\data\KBN\RnD\SWS\Build\Arizona\Phoenix\Nightly-19.2\Phoenix.Nightly-rc-19.2-b281168\DevResults-19.2\Phoenix.EmulatorProgram.7.19.61-b281168.exe
2019-04-19 12:46:11,410 WARN [22] [C:\Projects\Rekurencjon\Rekurencjon\BuildsFactory.cs] GetBrand() line:143: Unable to get brand for: \\demant.com\data\KBN\RnD\SWS\Build\Arizona\Phoenix\Nightly-19.2\Phoenix.Nightly-rc-19.2-b281168\DevResults-19.2\PhoenixScriptingToolBernafon.7.19.61-b281168.exe
2019-04-19 12:46:11,414 WARN [22] [C:\Projects\Rekurencjon\Rekurencjon\BuildsFactory.cs] GetBrand() line:143: Unable to get brand for: \\demant.com\data\KBN\RnD\SWS\Build\Arizona\Phoenix\Nightly-19.2\Phoenix.Nightly-rc-19.2-b281168\DevResults-19.2\PhoenixScriptingToolBernafon.7.19.61-b281168.exe
2019-04-19 12:46:11,417 WARN [22] [C:\Projects\Rekurencjon\Rekurencjon\BuildsFactory.cs] MoveNext() line:66: Unable to create build: \\demant.com\data\KBN\RnD\SWS\Build\Arizona\Phoenix\Nightly-19.2\Phoenix.Nightly-rc-19.2-b281168\DevResults-19.2\PhoenixScriptingToolBernafon.7.19.61-b281168.exe
2019-04-19 12:46:11,419 WARN [21] [C:\Projects\Rekurencjon\Rekurencjon\BuildsFactory.cs] GetBrand() line:143: Unable to get brand for: \\demant.com\data\KBN\RnD\SWS\Build\Arizona\Phoenix\Nightly-19.2\Phoenix.Nightly-rc-19.2-b281168\DevResults-19.2\PhoenixScriptingToolOticon.7.19.61-b281168.exe
2019-04-19 12:46:11,422 WARN [21] [C:\Projects\Rekurencjon\Rekurencjon\BuildsFactory.cs] GetBrand() line:143: Unable to get brand for: \\demant.com\data\KBN\RnD\SWS\Build\Arizona\Phoenix\Nightly-19.2\Phoenix.Nightly-rc-19.2-b281168\DevResults-19.2\PhoenixScriptingToolOticon.7.19.61-b281168.exe
2019-04-19 12:46:11,425 WARN [21] [C:\Projects\Rekurencjon\Rekurencjon\BuildsFactory.cs] MoveNext() line:66: Unable to create build: \\demant.com\data\KBN\RnD\SWS\Build\Arizona\Phoenix\Nightly-19.2\Phoenix.Nightly-rc-19.2-b281168\DevResults-19.2\PhoenixScriptingToolOticon.7.19.61-b281168.exe
2019-04-19 12:46:11,427 WARN [5] [C:\Projects\Rekurencjon\Rekurencjon\BuildsFactory.cs] GetBrand() line:143: Unable to get brand for: \\demant.com\data\KBN\RnD\SWS\Build\Arizona\Phoenix\Nightly-19.2\Phoenix.Nightly-rc-19.2-b281168\DevResults-19.2\PhoenixScriptingToolOticonMedical.7.19.61-b281168.exe
2019-04-19 12:46:11,429 WARN [5] [C:\Projects\Rekurencjon\Rekurencjon\BuildsFactory.cs] GetBrand() line:143: Unable to get brand for: \\demant.com\data\KBN\RnD\SWS\Build\Arizona\Phoenix\Nightly-19.2\Phoenix.Nightly-rc-19.2-b281168\DevResults-19.2\PhoenixScriptingToolOticonMedical.7.19.61-b281168.exe
2019-04-19 12:46:11,431 WARN [5] [C:\Projects\Rekurencjon\Rekurencjon\BuildsFactory.cs] MoveNext() line:66: Unable to create build: \\demant.com\data\KBN\RnD\SWS\Build\Arizona\Phoenix\Nightly-19.2\Phoenix.Nightly-rc-19.2-b281168\DevResults-19.2\PhoenixScriptingToolOticonMedical.7.19.61-b281168.exe
2019-04-19 12:46:11,434 WARN [5] [C:\Projects\Rekurencjon\Rekurencjon\BuildsFactory.cs] GetBrand() line:143: Unable to get brand for: \\demant.com\data\KBN\RnD\SWS\Build\Arizona\Phoenix\Nightly-19.2\Phoenix.Nightly-rc-19.2-b281168\DevResults-19.2\PhoenixScriptingToolPhilips.7.19.61-b281168.exe
2019-04-19 12:46:11,436 WARN [5] [C:\Projects\Rekurencjon\Rekurencjon\BuildsFactory.cs] GetBrand() line:143: Unable to get brand for: \\demant.com\data\KBN\RnD\SWS\Build\Arizona\Phoenix\Nightly-19.2\Phoenix.Nightly-rc-19.2-b281168\DevResults-19.2\PhoenixScriptingToolPhilips.7.19.61-b281168.exe
2019-04-19 12:46:11,437 WARN [5] [C:\Projects\Rekurencjon\Rekurencjon\BuildsFactory.cs] MoveNext() line:66: Unable to create build: \\demant.com\data\KBN\RnD\SWS\Build\Arizona\Phoenix\Nightly-19.2\Phoenix.Nightly-rc-19.2-b281168\DevResults-19.2\PhoenixScriptingToolPhilips.7.19.61-b281168.exe
2019-04-19 12:46:11,439 WARN [5] [C:\Projects\Rekurencjon\Rekurencjon\BuildsFactory.cs] GetBrand() line:143: Unable to get brand for: \\demant.com\data\KBN\RnD\SWS\Build\Arizona\Phoenix\Nightly-19.2\Phoenix.Nightly-rc-19.2-b281168\DevResults-19.2\PhoenixScriptingToolSonic.7.19.61-b281168.exe
2019-04-19 12:46:11,441 WARN [5] [C:\Projects\Rekurencjon\Rekurencjon\BuildsFactory.cs] GetBrand() line:143: Unable to get brand for: \\demant.com\data\KBN\RnD\SWS\Build\Arizona\Phoenix\Nightly-19.2\Phoenix.Nightly-rc-19.2-b281168\DevResults-19.2\PhoenixScriptingToolSonic.7.19.61-b281168.exe
2019-04-19 12:46:11,444 WARN [5] [C:\Projects\Rekurencjon\Rekurencjon\BuildsFactory.cs] MoveNext() line:66: Unable to create build: \\demant.com\data\KBN\RnD\SWS\Build\Arizona\Phoenix\Nightly-19.2\Phoenix.Nightly-rc-19.2-b281168\DevResults-19.2\PhoenixScriptingToolSonic.7.19.61-b281168.exe
2019-04-19 12:46:14,273 WARN [30] [C:\Projects\Rekurencjon\Rekurencjon\BuildsFactory.cs] GetBrand() line:143: Unable to get brand for: \\demant.com\data\KBN\RnD\SWS\Build\Arizona\Phoenix\Nightly-19.2\Phoenix.Nightly-rc-19.2-b281212\DevResults-19.2\Phoenix.EmulatorProgram.7.19.64-b281212.exe
2019-04-19 12:46:14,277 WARN [30] [C:\Projects\Rekurencjon\Rekurencjon\BuildsFactory.cs] GetBrand() line:143: Unable to get brand for: \\demant.com\data\KBN\RnD\SWS\Build\Arizona\Phoenix\Nightly-19.2\Phoenix.Nightly-rc-19.2-b281212\DevResults-19.2\Phoenix.EmulatorProgram.7.19.64-b281212.exe
2019-04-19 12:46:14,279 WARN [30] [C:\Projects\Rekurencjon\Rekurencjon\BuildsFactory.cs] MoveNext() line:66: Unable to create build: \\demant.com\data\KBN\RnD\SWS\Build\Arizona\Phoenix\Nightly-19.2\Phoenix.Nightly-rc-19.2-b281212\DevResults-19.2\Phoenix.EmulatorProgram.7.19.64-b281212.exe
2019-04-19 12:46:14,832 WARN [6] [C:\Projects\Rekurencjon\Rekurencjon\BuildsFactory.cs] GetBrand() line:143: Unable to get brand for: \\demant.com\data\KBN\RnD\SWS\Build\Arizona\Phoenix\Nightly-19.2\Phoenix.Nightly-rc-19.2-b281212\DevResults-19.2\PhoenixScriptingToolBernafon.7.19.64-b281212.exe
2019-04-19 12:46:14,835 WARN [6] [C:\Projects\Rekurencjon\Rekurencjon\BuildsFactory.cs] GetBrand() line:143: Unable to get brand for: \\demant.com\data\KBN\RnD\SWS\Build\Arizona\Phoenix\Nightly-19.2\Phoenix.Nightly-rc-19.2-b281212\DevResults-19.2\PhoenixScriptingToolBernafon.7.19.64-b281212.exe
2019-04-19 12:46:14,838 WARN [6] [C:\Projects\Rekurencjon\Rekurencjon\BuildsFactory.cs] MoveNext() line:66: Unable to create build: \\demant.com\data\KBN\RnD\SWS\Build\Arizona\Phoenix\Nightly-19.2\Phoenix.Nightly-rc-19.2-b281212\DevResults-19.2\PhoenixScriptingToolBernafon.7.19.64-b281212.exe
2019-04-19 12:46:14,841 WARN [33] [C:\Projects\Rekurencjon\Rekurencjon\BuildsFactory.cs] GetBrand() line:143: Unable to get brand for: \\demant.com\data\KBN\RnD\SWS\Build\Arizona\Phoenix\Nightly-19.2\Phoenix.Nightly-rc-19.2-b281212\DevResults-19.2\PhoenixScriptingToolOticon.7.19.64-b281212.exe
2019-04-19 12:46:14,845 WARN [33] [C:\Projects\Rekurencjon\Rekurencjon\BuildsFactory.cs] GetBrand() line:143: Unable to get brand for: \\demant.com\data\KBN\RnD\SWS\Build\Arizona\Phoenix\Nightly-19.2\Phoenix.Nightly-rc-19.2-b281212\DevResults-19.2\PhoenixScriptingToolOticon.7.19.64-b281212.exe
2019-04-19 12:46:14,847 WARN [33] [C:\Projects\Rekurencjon\Rekurencjon\BuildsFactory.cs] MoveNext() line:66: Unable to create build: \\demant.com\data\KBN\RnD\SWS\Build\Arizona\Phoenix\Nightly-19.2\Phoenix.Nightly-rc-19.2-b281212\DevResults-19.2\PhoenixScriptingToolOticon.7.19.64-b281212.exe
2019-04-19 12:46:14,849 WARN [33] [C:\Projects\Rekurencjon\Rekurencjon\BuildsFactory.cs] GetBrand() line:143: Unable to get brand for: \\demant.com\data\KBN\RnD\SWS\Build\Arizona\Phoenix\Nightly-19.2\Phoenix.Nightly-rc-19.2-b281212\DevResults-19.2\PhoenixScriptingToolOticonMedical.7.19.64-b281212.exe
2019-04-19 12:46:14,851 WARN [33] [C:\Projects\Rekurencjon\Rekurencjon\BuildsFactory.cs] GetBrand() line:143: Unable to get brand for: \\demant.com\data\KBN\RnD\SWS\Build\Arizona\Phoenix\Nightly-19.2\Phoenix.Nightly-rc-19.2-b281212\DevResults-19.2\PhoenixScriptingToolOticonMedical.7.19.64-b281212.exe
2019-04-19 12:46:14,854 WARN [33] [C:\Projects\Rekurencjon\Rekurencjon\BuildsFactory.cs] MoveNext() line:66: Unable to create build: \\demant.com\data\KBN\RnD\SWS\Build\Arizona\Phoenix\Nightly-19.2\Phoenix.Nightly-rc-19.2-b281212\DevResults-19.2\PhoenixScriptingToolOticonMedical.7.19.64-b281212.exe
2019-04-19 12:46:14,856 WARN [47] [C:\Projects\Rekurencjon\Rekurencjon\BuildsFactory.cs] GetBrand() line:143: Unable to get brand for: \\demant.com\data\KBN\RnD\SWS\Build\Arizona\Phoenix\Nightly-19.2\Phoenix.Nightly-rc-19.2-b281212\DevResults-19.2\PhoenixScriptingToolPhilips.7.19.64-b281212.exe
2019-04-19 12:46:14,858 WARN [47] [C:\Projects\Rekurencjon\Rekurencjon\BuildsFactory.cs] GetBrand() line:143: Unable to get brand for: \\demant.com\data\KBN\RnD\SWS\Build\Arizona\Phoenix\Nightly-19.2\Phoenix.Nightly-rc-19.2-b281212\DevResults-19.2\PhoenixScriptingToolPhilips.7.19.64-b281212.exe
2019-04-19 12:46:14,860 WARN [47] [C:\Projects\Rekurencjon\Rekurencjon\BuildsFactory.cs] MoveNext() line:66: Unable to create build: \\demant.com\data\KBN\RnD\SWS\Build\Arizona\Phoenix\Nightly-19.2\Phoenix.Nightly-rc-19.2-b281212\DevResults-19.2\PhoenixScriptingToolPhilips.7.19.64-b281212.exe
2019-04-19 12:46:14,863 WARN [15] [C:\Projects\Rekurencjon\Rekurencjon\BuildsFactory.cs] GetBrand() line:143: Unable to get brand for: \\demant.com\data\KBN\RnD\SWS\Build\Arizona\Phoenix\Nightly-19.2\Phoenix.Nightly-rc-19.2-b281212\DevResults-19.2\PhoenixScriptingToolSonic.7.19.64-b281212.exe
2019-04-19 12:46:14,865 WARN [15] [C:\Projects\Rekurencjon\Rekurencjon\BuildsFactory.cs] GetBrand() line:143: Unable to get brand for: \\demant.com\data\KBN\RnD\SWS\Build\Arizona\Phoenix\Nightly-19.2\Phoenix.Nightly-rc-19.2-b281212\DevResults-19.2\PhoenixScriptingToolSonic.7.19.64-b281212.exe
2019-04-19 12:46:14,867 WARN [15] [C:\Projects\Rekurencjon\Rekurencjon\BuildsFactory.cs] MoveNext() line:66: Unable to create build: \\demant.com\data\KBN\RnD\SWS\Build\Arizona\Phoenix\Nightly-19.2\Phoenix.Nightly-rc-19.2-b281212\DevResults-19.2\PhoenixScriptingToolSonic.7.19.64-b281212.exe
2019-04-19 12:46:17,483 WARN [18] [C:\Projects\Rekurencjon\Rekurencjon\BuildsFactory.cs] GetBrand() line:143: Unable to get brand for: \\demant.com\data\KBN\RnD\SWS\Build\Arizona\Phoenix\Nightly-19.2\Phoenix.Nightly-rc-19.2-b281232\DevResults-19.2\Phoenix.EmulatorProgram.7.19.65-b281232.exe
2019-04-19 12:46:17,486 WARN [18] [C:\Projects\Rekurencjon\Rekurencjon\BuildsFactory.cs] GetBrand() line:143: Unable to get brand for: \\demant.com\data\KBN\RnD\SWS\Build\Arizona\Phoenix\Nightly-19.2\Phoenix.Nightly-rc-19.2-b281232\DevResults-19.2\Phoenix.EmulatorProgram.7.19.65-b281232.exe
2019-04-19 12:46:17,489 WARN [18] [C:\Projects\Rekurencjon\Rekurencjon\BuildsFactory.cs] MoveNext() line:66: Unable to create build: \\demant.com\data\KBN\RnD\SWS\Build\Arizona\Phoenix\Nightly-19.2\Phoenix.Nightly-rc-19.2-b281232\DevResults-19.2\Phoenix.EmulatorProgram.7.19.65-b281232.exe
2019-04-19 12:46:18,037 WARN [30] [C:\Projects\Rekurencjon\Rekurencjon\BuildsFactory.cs] GetBrand() line:143: Unable to get brand for: \\demant.com\data\KBN\RnD\SWS\Build\Arizona\Phoenix\Nightly-19.2\Phoenix.Nightly-rc-19.2-b281232\DevResults-19.2\PhoenixScriptingToolBernafon.7.19.65-b281232.exe
2019-04-19 12:46:18,042 WARN [30] [C:\Projects\Rekurencjon\Rekurencjon\BuildsFactory.cs] GetBrand() line:143: Unable to get brand for: \\demant.com\data\KBN\RnD\SWS\Build\Arizona\Phoenix\Nightly-19.2\Phoenix.Nightly-rc-19.2-b281232\DevResults-19.2\PhoenixScriptingToolBernafon.7.19.65-b281232.exe
2019-04-19 12:46:18,044 WARN [30] [C:\Projects\Rekurencjon\Rekurencjon\BuildsFactory.cs] MoveNext() line:66: Unable to create build: \\demant.com\data\KBN\RnD\SWS\Build\Arizona\Phoenix\Nightly-19.2\Phoenix.Nightly-rc-19.2-b281232\DevResults-19.2\PhoenixScriptingToolBernafon.7.19.65-b281232.exe
2019-04-19 12:46:18,046 WARN [30] [C:\Projects\Rekurencjon\Rekurencjon\BuildsFactory.cs] GetBrand() line:143: Unable to get brand for: \\demant.com\data\KBN\RnD\SWS\Build\Arizona\Phoenix\Nightly-19.2\Phoenix.Nightly-rc-19.2-b281232\DevResults-19.2\PhoenixScriptingToolOticon.7.19.65-b281232.exe
2019-04-19 12:46:18,050 WARN [30] [C:\Projects\Rekurencjon\Rekurencjon\BuildsFactory.cs] GetBrand() line:143: Unable to get brand for: \\demant.com\data\KBN\RnD\SWS\Build\Arizona\Phoenix\Nightly-19.2\Phoenix.Nightly-rc-19.2-b281232\DevResults-19.2\PhoenixScriptingToolOticon.7.19.65-b281232.exe
2019-04-19 12:46:18,052 WARN [30] [C:\Projects\Rekurencjon\Rekurencjon\BuildsFactory.cs] MoveNext() line:66: Unable to create build: \\demant.com\data\KBN\RnD\SWS\Build\Arizona\Phoenix\Nightly-19.2\Phoenix.Nightly-rc-19.2-b281232\DevResults-19.2\PhoenixScriptingToolOticon.7.19.65-b281232.exe
2019-04-19 12:46:18,055 WARN [30] [C:\Projects\Rekurencjon\Rekurencjon\BuildsFactory.cs] GetBrand() line:143: Unable to get brand for: \\demant.com\data\KBN\RnD\SWS\Build\Arizona\Phoenix\Nightly-19.2\Phoenix.Nightly-rc-19.2-b281232\DevResults-19.2\PhoenixScriptingToolOticonMedical.7.19.65-b281232.exe
2019-04-19 12:46:18,058 WARN [30] [C:\Projects\Rekurencjon\Rekurencjon\BuildsFactory.cs] GetBrand() line:143: Unable to get brand for: \\demant.com\data\KBN\RnD\SWS\Build\Arizona\Phoenix\Nightly-19.2\Phoenix.Nightly-rc-19.2-b281232\DevResults-19.2\PhoenixScriptingToolOticonMedical.7.19.65-b281232.exe
2019-04-19 12:46:18,060 WARN [30] [C:\Projects\Rekurencjon\Rekurencjon\BuildsFactory.cs] MoveNext() line:66: Unable to create build: \\demant.com\data\KBN\RnD\SWS\Build\Arizona\Phoenix\Nightly-19.2\Phoenix.Nightly-rc-19.2-b281232\DevResults-19.2\PhoenixScriptingToolOticonMedical.7.19.65-b281232.exe
2019-04-19 12:46:18,062 WARN [29] [C:\Projects\Rekurencjon\Rekurencjon\BuildsFactory.cs] GetBrand() line:143: Unable to get brand for: \\demant.com\data\KBN\RnD\SWS\Build\Arizona\Phoenix\Nightly-19.2\Phoenix.Nightly-rc-19.2-b281232\DevResults-19.2\PhoenixScriptingToolPhilips.7.19.65-b281232.exe
2019-04-19 12:46:18,064 WARN [29] [C:\Projects\Rekurencjon\Rekurencjon\BuildsFactory.cs] GetBrand() line:143: Unable to get brand for: \\demant.com\data\KBN\RnD\SWS\Build\Arizona\Phoenix\Nightly-19.2\Phoenix.Nightly-rc-19.2-b281232\DevResults-19.2\PhoenixScriptingToolPhilips.7.19.65-b281232.exe
2019-04-19 12:46:18,066 WARN [29] [C:\Projects\Rekurencjon\Rekurencjon\BuildsFactory.cs] MoveNext() line:66: Unable to create build: \\demant.com\data\KBN\RnD\SWS\Build\Arizona\Phoenix\Nightly-19.2\Phoenix.Nightly-rc-19.2-b281232\DevResults-19.2\PhoenixScriptingToolPhilips.7.19.65-b281232.exe
2019-04-19 12:46:18,067 WARN [9] [C:\Projects\Rekurencjon\Rekurencjon\BuildsFactory.cs] GetBrand() line:143: Unable to get brand for: \\demant.com\data\KBN\RnD\SWS\Build\Arizona\Phoenix\Nightly-19.2\Phoenix.Nightly-rc-19.2-b281232\DevResults-19.2\PhoenixScriptingToolSonic.7.19.65-b281232.exe
2019-04-19 12:46:18,070 WARN [9] [C:\Projects\Rekurencjon\Rekurencjon\BuildsFactory.cs] GetBrand() line:143: Unable to get brand for: \\demant.com\data\KBN\RnD\SWS\Build\Arizona\Phoenix\Nightly-19.2\Phoenix.Nightly-rc-19.2-b281232\DevResults-19.2\PhoenixScriptingToolSonic.7.19.65-b281232.exe
2019-04-19 12:46:18,072 WARN [9] [C:\Projects\Rekurencjon\Rekurencjon\BuildsFactory.cs] MoveNext() line:66: Unable to create build: \\demant.com\data\KBN\RnD\SWS\Build\Arizona\Phoenix\Nightly-19.2\Phoenix.Nightly-rc-19.2-b281232\DevResults-19.2\PhoenixScriptingToolSonic.7.19.65-b281232.exe
2019-04-19 12:46:20,680 WARN [40] [C:\Projects\Rekurencjon\Rekurencjon\BuildsFactory.cs] GetBrand() line:143: Unable to get brand for: \\demant.com\data\KBN\RnD\SWS\Build\Arizona\Phoenix\Nightly-19.2\Phoenix.Nightly-rc-19.2-b281265\DevResults-19.2\Phoenix.EmulatorProgram.7.19.66-b281265.exe
2019-04-19 12:46:20,683 WARN [40] [C:\Projects\Rekurencjon\Rekurencjon\BuildsFactory.cs] GetBrand() line:143: Unable to get brand for: \\demant.com\data\KBN\RnD\SWS\Build\Arizona\Phoenix\Nightly-19.2\Phoenix.Nightly-rc-19.2-b281265\DevResults-19.2\Phoenix.EmulatorProgram.7.19.66-b281265.exe
2019-04-19 12:46:20,685 WARN [40] [C:\Projects\Rekurencjon\Rekurencjon\BuildsFactory.cs] MoveNext() line:66: Unable to create build: \\demant.com\data\KBN\RnD\SWS\Build\Arizona\Phoenix\Nightly-19.2\Phoenix.Nightly-rc-19.2-b281265\DevResults-19.2\Phoenix.EmulatorProgram.7.19.66-b281265.exe
2019-04-19 12:46:22,253 WARN [26] [C:\Projects\Rekurencjon\Rekurencjon\BuildsFactory.cs] GetBrand() line:143: Unable to get brand for: \\demant.com\data\KBN\RnD\SWS\Build\Arizona\Phoenix\Nightly-19.2\Phoenix.Nightly-rc-19.2-b281265\DevResults-19.2\PhoenixScriptingToolBernafon.7.19.66-b281265.exe
2019-04-19 12:46:22,258 WARN [26] [C:\Projects\Rekurencjon\Rekurencjon\BuildsFactory.cs] GetBrand() line:143: Unable to get brand for: \\demant.com\data\KBN\RnD\SWS\Build\Arizona\Phoenix\Nightly-19.2\Phoenix.Nightly-rc-19.2-b281265\DevResults-19.2\PhoenixScriptingToolBernafon.7.19.66-b281265.exe
2019-04-19 12:46:22,261 WARN [26] [C:\Projects\Rekurencjon\Rekurencjon\BuildsFactory.cs] MoveNext() line:66: Unable to create build: \\demant.com\data\KBN\RnD\SWS\Build\Arizona\Phoenix\Nightly-19.2\Phoenix.Nightly-rc-19.2-b281265\DevResults-19.2\PhoenixScriptingToolBernafon.7.19.66-b281265.exe
2019-04-19 12:46:22,263 WARN [30] [C:\Projects\Rekurencjon\Rekurencjon\BuildsFactory.cs] GetBrand() line:143: Unable to get brand for: \\demant.com\data\KBN\RnD\SWS\Build\Arizona\Phoenix\Nightly-19.2\Phoenix.Nightly-rc-19.2-b281265\DevResults-19.2\PhoenixScriptingToolOticon.7.19.66-b281265.exe
2019-04-19 12:46:22,266 WARN [30] [C:\Projects\Rekurencjon\Rekurencjon\BuildsFactory.cs] GetBrand() line:143: Unable to get brand for: \\demant.com\data\KBN\RnD\SWS\Build\Arizona\Phoenix\Nightly-19.2\Phoenix.Nightly-rc-19.2-b281265\DevResults-19.2\PhoenixScriptingToolOticon.7.19.66-b281265.exe
2019-04-19 12:46:22,269 WARN [30] [C:\Projects\Rekurencjon\Rekurencjon\BuildsFactory.cs] MoveNext() line:66: Unable to create build: \\demant.com\data\KBN\RnD\SWS\Build\Arizona\Phoenix\Nightly-19.2\Phoenix.Nightly-rc-19.2-b281265\DevResults-19.2\PhoenixScriptingToolOticon.7.19.66-b281265.exe
2019-04-19 12:46:22,271 WARN [29] [C:\Projects\Rekurencjon\Rekurencjon\BuildsFactory.cs] GetBrand() line:143: Unable to get brand for: \\demant.com\data\KBN\RnD\SWS\Build\Arizona\Phoenix\Nightly-19.2\Phoenix.Nightly-rc-19.2-b281265\DevResults-19.2\PhoenixScriptingToolOticonMedical.7.19.66-b281265.exe
2019-04-19 12:46:22,275 WARN [29] [C:\Projects\Rekurencjon\Rekurencjon\BuildsFactory.cs] GetBrand() line:143: Unable to get brand for: \\demant.com\data\KBN\RnD\SWS\Build\Arizona\Phoenix\Nightly-19.2\Phoenix.Nightly-rc-19.2-b281265\DevResults-19.2\PhoenixScriptingToolOticonMedical.7.19.66-b281265.exe
2019-04-19 12:46:22,277 WARN [29] [C:\Projects\Rekurencjon\Rekurencjon\BuildsFactory.cs] MoveNext() line:66: Unable to create build: \\demant.com\data\KBN\RnD\SWS\Build\Arizona\Phoenix\Nightly-19.2\Phoenix.Nightly-rc-19.2-b281265\DevResults-19.2\PhoenixScriptingToolOticonMedical.7.19.66-b281265.exe
2019-04-19 12:46:22,279 WARN [5] [C:\Projects\Rekurencjon\Rekurencjon\BuildsFactory.cs] GetBrand() line:143: Unable to get brand for: \\demant.com\data\KBN\RnD\SWS\Build\Arizona\Phoenix\Nightly-19.2\Phoenix.Nightly-rc-19.2-b281265\DevResults-19.2\PhoenixScriptingToolPhilips.7.19.66-b281265.exe
2019-04-19 12:46:22,281 WARN [5] [C:\Projects\Rekurencjon\Rekurencjon\BuildsFactory.cs] GetBrand() line:143: Unable to get brand for: \\demant.com\data\KBN\RnD\SWS\Build\Arizona\Phoenix\Nightly-19.2\Phoenix.Nightly-rc-19.2-b281265\DevResults-19.2\PhoenixScriptingToolPhilips.7.19.66-b281265.exe
2019-04-19 12:46:22,283 WARN [5] [C:\Projects\Rekurencjon\Rekurencjon\BuildsFactory.cs] MoveNext() line:66: Unable to create build: \\demant.com\data\KBN\RnD\SWS\Build\Arizona\Phoenix\Nightly-19.2\Phoenix.Nightly-rc-19.2-b281265\DevResults-19.2\PhoenixScriptingToolPhilips.7.19.66-b281265.exe
2019-04-19 12:46:22,285 WARN [5] [C:\Projects\Rekurencjon\Rekurencjon\BuildsFactory.cs] GetBrand() line:143: Unable to get brand for: \\demant.com\data\KBN\RnD\SWS\Build\Arizona\Phoenix\Nightly-19.2\Phoenix.Nightly-rc-19.2-b281265\DevResults-19.2\PhoenixScriptingToolSonic.7.19.66-b281265.exe
2019-04-19 12:46:22,287 WARN [5] [C:\Projects\Rekurencjon\Rekurencjon\BuildsFactory.cs] GetBrand() line:143: Unable to get brand for: \\demant.com\data\KBN\RnD\SWS\Build\Arizona\Phoenix\Nightly-19.2\Phoenix.Nightly-rc-19.2-b281265\DevResults-19.2\PhoenixScriptingToolSonic.7.19.66-b281265.exe
2019-04-19 12:46:22,290 WARN [5] [C:\Projects\Rekurencjon\Rekurencjon\BuildsFactory.cs] MoveNext() line:66: Unable to create build: \\demant.com\data\KBN\RnD\SWS\Build\Arizona\Phoenix\Nightly-19.2\Phoenix.Nightly-rc-19.2-b281265\DevResults-19.2\PhoenixScriptingToolSonic.7.19.66-b281265.exe
2019-04-19 12:46:22,292 WARN [5] [C:\Projects\Rekurencjon\Rekurencjon\BuildsFactory.cs] GetBrand() line:143: Unable to get brand for: \\demant.com\data\KBN\RnD\SWS\Build\Arizona\Phoenix\Nightly-19.2\Phoenix.Nightly-SkipTest-rc-19.2-b280711\DevResults-19.2\Phoenix.EmulatorProgram.7.19.38-b280711.exe
2019-04-19 12:46:22,295 WARN [5] [C:\Projects\Rekurencjon\Rekurencjon\BuildsFactory.cs] GetBrand() line:143: Unable to get brand for: \\demant.com\data\KBN\RnD\SWS\Build\Arizona\Phoenix\Nightly-19.2\Phoenix.Nightly-SkipTest-rc-19.2-b280711\DevResults-19.2\Phoenix.EmulatorProgram.7.19.38-b280711.exe
2019-04-19 12:46:22,297 WARN [5] [C:\Projects\Rekurencjon\Rekurencjon\BuildsFactory.cs] MoveNext() line:66: Unable to create build: \\demant.com\data\KBN\RnD\SWS\Build\Arizona\Phoenix\Nightly-19.2\Phoenix.Nightly-SkipTest-rc-19.2-b280711\DevResults-19.2\Phoenix.EmulatorProgram.7.19.38-b280711.exe
2019-04-19 12:46:22,300 WARN [5] [C:\Projects\Rekurencjon\Rekurencjon\BuildsFactory.cs] GetBrand() line:143: Unable to get brand for: \\demant.com\data\KBN\RnD\SWS\Build\Arizona\Phoenix\Nightly-19.2\Phoenix.Nightly-SkipTest-rc-19.2-b281193\DevResults-19.2\Phoenix.EmulatorProgram.7.19.62-b281193.exe
2019-04-19 12:46:22,302 WARN [5] [C:\Projects\Rekurencjon\Rekurencjon\BuildsFactory.cs] GetBrand() line:143: Unable to get brand for: \\demant.com\data\KBN\RnD\SWS\Build\Arizona\Phoenix\Nightly-19.2\Phoenix.Nightly-SkipTest-rc-19.2-b281193\DevResults-19.2\Phoenix.EmulatorProgram.7.19.62-b281193.exe
2019-04-19 12:46:22,305 WARN [5] [C:\Projects\Rekurencjon\Rekurencjon\BuildsFactory.cs] MoveNext() line:66: Unable to create build: \\demant.com\data\KBN\RnD\SWS\Build\Arizona\Phoenix\Nightly-19.2\Phoenix.Nightly-SkipTest-rc-19.2-b281193\DevResults-19.2\Phoenix.EmulatorProgram.7.19.62-b281193.exe
2019-04-19 12:46:23,890 WARN [26] [C:\Projects\Rekurencjon\Rekurencjon\BuildsFactory.cs] GetBrand() line:143: Unable to get brand for: \\demant.com\data\KBN\RnD\SWS\Build\Arizona\Phoenix\Nightly-19.2\Phoenix.Nightly-SkipTest-rc-19.2-b281193\DevResults-19.2\PhoenixScriptingToolBernafon.7.19.62-b281193.exe
2019-04-19 12:46:23,893 WARN [26] [C:\Projects\Rekurencjon\Rekurencjon\BuildsFactory.cs] GetBrand() line:143: Unable to get brand for: \\demant.com\data\KBN\RnD\SWS\Build\Arizona\Phoenix\Nightly-19.2\Phoenix.Nightly-SkipTest-rc-19.2-b281193\DevResults-19.2\PhoenixScriptingToolBernafon.7.19.62-b281193.exe
2019-04-19 12:46:23,896 WARN [26] [C:\Projects\Rekurencjon\Rekurencjon\BuildsFactory.cs] MoveNext() line:66: Unable to create build: \\demant.com\data\KBN\RnD\SWS\Build\Arizona\Phoenix\Nightly-19.2\Phoenix.Nightly-SkipTest-rc-19.2-b281193\DevResults-19.2\PhoenixScriptingToolBernafon.7.19.62-b281193.exe
2019-04-19 12:46:23,899 WARN [47] [C:\Projects\Rekurencjon\Rekurencjon\BuildsFactory.cs] GetBrand() line:143: Unable to get brand for: \\demant.com\data\KBN\RnD\SWS\Build\Arizona\Phoenix\Nightly-19.2\Phoenix.Nightly-SkipTest-rc-19.2-b281193\DevResults-19.2\PhoenixScriptingToolOticon.7.19.62-b281193.exe
2019-04-19 12:46:23,902 WARN [47] [C:\Projects\Rekurencjon\Rekurencjon\BuildsFactory.cs] GetBrand() line:143: Unable to get brand for: \\demant.com\data\KBN\RnD\SWS\Build\Arizona\Phoenix\Nightly-19.2\Phoenix.Nightly-SkipTest-rc-19.2-b281193\DevResults-19.2\PhoenixScriptingToolOticon.7.19.62-b281193.exe
2019-04-19 12:46:23,904 WARN [47] [C:\Projects\Rekurencjon\Rekurencjon\BuildsFactory.cs] MoveNext() line:66: Unable to create build: \\demant.com\data\KBN\RnD\SWS\Build\Arizona\Phoenix\Nightly-19.2\Phoenix.Nightly-SkipTest-rc-19.2-b281193\DevResults-19.2\PhoenixScriptingToolOticon.7.19.62-b281193.exe
2019-04-19 12:46:23,907 WARN [14] [C:\Projects\Rekurencjon\Rekurencjon\BuildsFactory.cs] GetBrand() line:143: Unable to get brand for: \\demant.com\data\KBN\RnD\SWS\Build\Arizona\Phoenix\Nightly-19.2\Phoenix.Nightly-SkipTest-rc-19.2-b281193\DevResults-19.2\PhoenixScriptingToolOticonMedical.7.19.62-b281193.exe
2019-04-19 12:46:23,909 WARN [14] [C:\Projects\Rekurencjon\Rekurencjon\BuildsFactory.cs] GetBrand() line:143: Unable to get brand for: \\demant.com\data\KBN\RnD\SWS\Build\Arizona\Phoenix\Nightly-19.2\Phoenix.Nightly-SkipTest-rc-19.2-b281193\DevResults-19.2\PhoenixScriptingToolOticonMedical.7.19.62-b281193.exe
2019-04-19 12:46:23,911 WARN [14] [C:\Projects\Rekurencjon\Rekurencjon\BuildsFactory.cs] MoveNext() line:66: Unable to create build: \\demant.com\data\KBN\RnD\SWS\Build\Arizona\Phoenix\Nightly-19.2\Phoenix.Nightly-SkipTest-rc-19.2-b281193\DevResults-19.2\PhoenixScriptingToolOticonMedical.7.19.62-b281193.exe
2019-04-19 12:46:23,914 WARN [38] [C:\Projects\Rekurencjon\Rekurencjon\BuildsFactory.cs] GetBrand() line:143: Unable to get brand for: \\demant.com\data\KBN\RnD\SWS\Build\Arizona\Phoenix\Nightly-19.2\Phoenix.Nightly-SkipTest-rc-19.2-b281193\DevResults-19.2\PhoenixScriptingToolPhilips.7.19.62-b281193.exe
2019-04-19 12:46:23,915 WARN [38] [C:\Projects\Rekurencjon\Rekurencjon\BuildsFactory.cs] GetBrand() line:143: Unable to get brand for: \\demant.com\data\KBN\RnD\SWS\Build\Arizona\Phoenix\Nightly-19.2\Phoenix.Nightly-SkipTest-rc-19.2-b281193\DevResults-19.2\PhoenixScriptingToolPhilips.7.19.62-b281193.exe
2019-04-19 12:46:23,917 WARN [38] [C:\Projects\Rekurencjon\Rekurencjon\BuildsFactory.cs] MoveNext() line:66: Unable to create build: \\demant.com\data\KBN\RnD\SWS\Build\Arizona\Phoenix\Nightly-19.2\Phoenix.Nightly-SkipTest-rc-19.2-b281193\DevResults-19.2\PhoenixScriptingToolPhilips.7.19.62-b281193.exe
2019-04-19 12:46:23,919 WARN [20] [C:\Projects\Rekurencjon\Rekurencjon\BuildsFactory.cs] GetBrand() line:143: Unable to get brand for: \\demant.com\data\KBN\RnD\SWS\Build\Arizona\Phoenix\Nightly-19.2\Phoenix.Nightly-SkipTest-rc-19.2-b281193\DevResults-19.2\PhoenixScriptingToolSonic.7.19.62-b281193.exe
2019-04-19 12:46:23,921 WARN [20] [C:\Projects\Rekurencjon\Rekurencjon\BuildsFactory.cs] GetBrand() line:143: Unable to get brand for: \\demant.com\data\KBN\RnD\SWS\Build\Arizona\Phoenix\Nightly-19.2\Phoenix.Nightly-SkipTest-rc-19.2-b281193\DevResults-19.2\PhoenixScriptingToolSonic.7.19.62-b281193.exe
2019-04-19 12:46:23,923 WARN [20] [C:\Projects\Rekurencjon\Rekurencjon\BuildsFactory.cs] MoveNext() line:66: Unable to create build: \\demant.com\data\KBN\RnD\SWS\Build\Arizona\Phoenix\Nightly-19.2\Phoenix.Nightly-SkipTest-rc-19.2-b281193\DevResults-19.2\PhoenixScriptingToolSonic.7.19.62-b281193.exe
2019-04-19 12:46:26,673 WARN [16] [C:\Projects\Rekurencjon\Rekurencjon\BuildsFactory.cs] GetBrand() line:143: Unable to get brand for: \\demant.com\data\KBN\RnD\SWS\Build\Arizona\Phoenix\Nightly-19.2\Phoenix.Nightly-SkipTest-rc-19.2-b281211\DevResults-19.2\Phoenix.EmulatorProgram.7.19.63-b281211.exe
2019-04-19 12:46:26,677 WARN [16] [C:\Projects\Rekurencjon\Rekurencjon\BuildsFactory.cs] GetBrand() line:143: Unable to get brand for: \\demant.com\data\KBN\RnD\SWS\Build\Arizona\Phoenix\Nightly-19.2\Phoenix.Nightly-SkipTest-rc-19.2-b281211\DevResults-19.2\Phoenix.EmulatorProgram.7.19.63-b281211.exe
2019-04-19 12:46:26,679 WARN [16] [C:\Projects\Rekurencjon\Rekurencjon\BuildsFactory.cs] MoveNext() line:66: Unable to create build: \\demant.com\data\KBN\RnD\SWS\Build\Arizona\Phoenix\Nightly-19.2\Phoenix.Nightly-SkipTest-rc-19.2-b281211\DevResults-19.2\Phoenix.EmulatorProgram.7.19.63-b281211.exe
2019-04-19 12:46:27,228 WARN [37] [C:\Projects\Rekurencjon\Rekurencjon\BuildsFactory.cs] GetBrand() line:143: Unable to get brand for: \\demant.com\data\KBN\RnD\SWS\Build\Arizona\Phoenix\Nightly-19.2\Phoenix.Nightly-SkipTest-rc-19.2-b281211\DevResults-19.2\PhoenixScriptingToolBernafon.7.19.63-b281211.exe
2019-04-19 12:46:27,232 WARN [37] [C:\Projects\Rekurencjon\Rekurencjon\BuildsFactory.cs] GetBrand() line:143: Unable to get brand for: \\demant.com\data\KBN\RnD\SWS\Build\Arizona\Phoenix\Nightly-19.2\Phoenix.Nightly-SkipTest-rc-19.2-b281211\DevResults-19.2\PhoenixScriptingToolBernafon.7.19.63-b281211.exe
2019-04-19 12:46:27,234 WARN [37] [C:\Projects\Rekurencjon\Rekurencjon\BuildsFactory.cs] MoveNext() line:66: Unable to create build: \\demant.com\data\KBN\RnD\SWS\Build\Arizona\Phoenix\Nightly-19.2\Phoenix.Nightly-SkipTest-rc-19.2-b281211\DevResults-19.2\PhoenixScriptingToolBernafon.7.19.63-b281211.exe
2019-04-19 12:46:27,237 WARN [36] [C:\Projects\Rekurencjon\Rekurencjon\BuildsFactory.cs] GetBrand() line:143: Unable to get brand for: \\demant.com\data\KBN\RnD\SWS\Build\Arizona\Phoenix\Nightly-19.2\Phoenix.Nightly-SkipTest-rc-19.2-b281211\DevResults-19.2\PhoenixScriptingToolOticon.7.19.63-b281211.exe
2019-04-19 12:46:27,240 WARN [36] [C:\Projects\Rekurencjon\Rekurencjon\BuildsFactory.cs] GetBrand() line:143: Unable to get brand for: \\demant.com\data\KBN\RnD\SWS\Build\Arizona\Phoenix\Nightly-19.2\Phoenix.Nightly-SkipTest-rc-19.2-b281211\DevResults-19.2\PhoenixScriptingToolOticon.7.19.63-b281211.exe
2019-04-19 12:46:27,242 WARN [36] [C:\Projects\Rekurencjon\Rekurencjon\BuildsFactory.cs] MoveNext() line:66: Unable to create build: \\demant.com\data\KBN\RnD\SWS\Build\Arizona\Phoenix\Nightly-19.2\Phoenix.Nightly-SkipTest-rc-19.2-b281211\DevResults-19.2\PhoenixScriptingToolOticon.7.19.63-b281211.exe
2019-04-19 12:46:27,246 WARN [36] [C:\Projects\Rekurencjon\Rekurencjon\BuildsFactory.cs] GetBrand() line:143: Unable to get brand for: \\demant.com\data\KBN\RnD\SWS\Build\Arizona\Phoenix\Nightly-19.2\Phoenix.Nightly-SkipTest-rc-19.2-b281211\DevResults-19.2\PhoenixScriptingToolOticonMedical.7.19.63-b281211.exe
2019-04-19 12:46:27,248 WARN [36] [C:\Projects\Rekurencjon\Rekurencjon\BuildsFactory.cs] GetBrand() line:143: Unable to get brand for: \\demant.com\data\KBN\RnD\SWS\Build\Arizona\Phoenix\Nightly-19.2\Phoenix.Nightly-SkipTest-rc-19.2-b281211\DevResults-19.2\PhoenixScriptingToolOticonMedical.7.19.63-b281211.exe
2019-04-19 12:46:27,251 WARN [36] [C:\Projects\Rekurencjon\Rekurencjon\BuildsFactory.cs] MoveNext() line:66: Unable to create build: \\demant.com\data\KBN\RnD\SWS\Build\Arizona\Phoenix\Nightly-19.2\Phoenix.Nightly-SkipTest-rc-19.2-b281211\DevResults-19.2\PhoenixScriptingToolOticonMedical.7.19.63-b281211.exe
2019-04-19 12:46:27,254 WARN [36] [C:\Projects\Rekurencjon\Rekurencjon\BuildsFactory.cs] GetBrand() line:143: Unable to get brand for: \\demant.com\data\KBN\RnD\SWS\Build\Arizona\Phoenix\Nightly-19.2\Phoenix.Nightly-SkipTest-rc-19.2-b281211\DevResults-19.2\PhoenixScriptingToolPhilips.7.19.63-b281211.exe
2019-04-19 12:46:27,256 WARN [36] [C:\Projects\Rekurencjon\Rekurencjon\BuildsFactory.cs] GetBrand() line:143: Unable to get brand for: \\demant.com\data\KBN\RnD\SWS\Build\Arizona\Phoenix\Nightly-19.2\Phoenix.Nightly-SkipTest-rc-19.2-b281211\DevResults-19.2\PhoenixScriptingToolPhilips.7.19.63-b281211.exe
2019-04-19 12:46:27,258 WARN [36] [C:\Projects\Rekurencjon\Rekurencjon\BuildsFactory.cs] MoveNext() line:66: Unable to create build: \\demant.com\data\KBN\RnD\SWS\Build\Arizona\Phoenix\Nightly-19.2\Phoenix.Nightly-SkipTest-rc-19.2-b281211\DevResults-19.2\PhoenixScriptingToolPhilips.7.19.63-b281211.exe
2019-04-19 12:46:27,260 WARN [14] [C:\Projects\Rekurencjon\Rekurencjon\BuildsFactory.cs] GetBrand() line:143: Unable to get brand for: \\demant.com\data\KBN\RnD\SWS\Build\Arizona\Phoenix\Nightly-19.2\Phoenix.Nightly-SkipTest-rc-19.2-b281211\DevResults-19.2\PhoenixScriptingToolSonic.7.19.63-b281211.exe
2019-04-19 12:46:27,262 WARN [14] [C:\Projects\Rekurencjon\Rekurencjon\BuildsFactory.cs] GetBrand() line:143: Unable to get brand for: \\demant.com\data\KBN\RnD\SWS\Build\Arizona\Phoenix\Nightly-19.2\Phoenix.Nightly-SkipTest-rc-19.2-b281211\DevResults-19.2\PhoenixScriptingToolSonic.7.19.63-b281211.exe
2019-04-19 12:46:27,263 WARN [14] [C:\Projects\Rekurencjon\Rekurencjon\BuildsFactory.cs] MoveNext() line:66: Unable to create build: \\demant.com\data\KBN\RnD\SWS\Build\Arizona\Phoenix\Nightly-19.2\Phoenix.Nightly-SkipTest-rc-19.2-b281211\DevResults-19.2\PhoenixScriptingToolSonic.7.19.63-b281211.exe
2019-04-19 12:46:29,876 WARN [26] [C:\Projects\Rekurencjon\Rekurencjon\BuildsFactory.cs] GetBrand() line:143: Unable to get brand for: \\demant.com\data\KBN\RnD\SWS\Build\Arizona\Phoenix\Nightly-19.2\Phoenix.Nightly-SkipTest-rc-19.2-b281264\DevResults-19.2\Phoenix.EmulatorProgram.7.19.67-b281264.exe
2019-04-19 12:46:29,880 WARN [26] [C:\Projects\Rekurencjon\Rekurencjon\BuildsFactory.cs] GetBrand() line:143: Unable to get brand for: \\demant.com\data\KBN\RnD\SWS\Build\Arizona\Phoenix\Nightly-19.2\Phoenix.Nightly-SkipTest-rc-19.2-b281264\DevResults-19.2\Phoenix.EmulatorProgram.7.19.67-b281264.exe
2019-04-19 12:46:29,883 WARN [26] [C:\Projects\Rekurencjon\Rekurencjon\BuildsFactory.cs] MoveNext() line:66: Unable to create build: \\demant.com\data\KBN\RnD\SWS\Build\Arizona\Phoenix\Nightly-19.2\Phoenix.Nightly-SkipTest-rc-19.2-b281264\DevResults-19.2\Phoenix.EmulatorProgram.7.19.67-b281264.exe
2019-04-19 12:46:30,432 WARN [31] [C:\Projects\Rekurencjon\Rekurencjon\BuildsFactory.cs] GetBrand() line:143: Unable to get brand for: \\demant.com\data\KBN\RnD\SWS\Build\Arizona\Phoenix\Nightly-19.2\Phoenix.Nightly-SkipTest-rc-19.2-b281264\DevResults-19.2\PhoenixScriptingToolBernafon.7.19.67-b281264.exe
2019-04-19 12:46:30,436 WARN [31] [C:\Projects\Rekurencjon\Rekurencjon\BuildsFactory.cs] GetBrand() line:143: Unable to get brand for: \\demant.com\data\KBN\RnD\SWS\Build\Arizona\Phoenix\Nightly-19.2\Phoenix.Nightly-SkipTest-rc-19.2-b281264\DevResults-19.2\PhoenixScriptingToolBernafon.7.19.67-b281264.exe
2019-04-19 12:46:30,439 WARN [31] [C:\Projects\Rekurencjon\Rekurencjon\BuildsFactory.cs] MoveNext() line:66: Unable to create build: \\demant.com\data\KBN\RnD\SWS\Build\Arizona\Phoenix\Nightly-19.2\Phoenix.Nightly-SkipTest-rc-19.2-b281264\DevResults-19.2\PhoenixScriptingToolBernafon.7.19.67-b281264.exe
2019-04-19 12:46:30,442 WARN [15] [C:\Projects\Rekurencjon\Rekurencjon\BuildsFactory.cs] GetBrand() line:143: Unable to get brand for: \\demant.com\data\KBN\RnD\SWS\Build\Arizona\Phoenix\Nightly-19.2\Phoenix.Nightly-SkipTest-rc-19.2-b281264\DevResults-19.2\PhoenixScriptingToolOticon.7.19.67-b281264.exe
2019-04-19 12:46:30,445 WARN [15] [C:\Projects\Rekurencjon\Rekurencjon\BuildsFactory.cs] GetBrand() line:143: Unable to get brand for: \\demant.com\data\KBN\RnD\SWS\Build\Arizona\Phoenix\Nightly-19.2\Phoenix.Nightly-SkipTest-rc-19.2-b281264\DevResults-19.2\PhoenixScriptingToolOticon.7.19.67-b281264.exe
2019-04-19 12:46:30,446 WARN [15] [C:\Projects\Rekurencjon\Rekurencjon\BuildsFactory.cs] MoveNext() line:66: Unable to create build: \\demant.com\data\KBN\RnD\SWS\Build\Arizona\Phoenix\Nightly-19.2\Phoenix.Nightly-SkipTest-rc-19.2-b281264\DevResults-19.2\PhoenixScriptingToolOticon.7.19.67-b281264.exe
2019-04-19 12:46:30,449 WARN [37] [C:\Projects\Rekurencjon\Rekurencjon\BuildsFactory.cs] GetBrand() line:143: Unable to get brand for: \\demant.com\data\KBN\RnD\SWS\Build\Arizona\Phoenix\Nightly-19.2\Phoenix.Nightly-SkipTest-rc-19.2-b281264\DevResults-19.2\PhoenixScriptingToolOticonMedical.7.19.67-b281264.exe
2019-04-19 12:46:30,450 WARN [37] [C:\Projects\Rekurencjon\Rekurencjon\BuildsFactory.cs] GetBrand() line:143: Unable to get brand for: \\demant.com\data\KBN\RnD\SWS\Build\Arizona\Phoenix\Nightly-19.2\Phoenix.Nightly-SkipTest-rc-19.2-b281264\DevResults-19.2\PhoenixScriptingToolOticonMedical.7.19.67-b281264.exe
2019-04-19 12:46:30,452 WARN [37] [C:\Projects\Rekurencjon\Rekurencjon\BuildsFactory.cs] MoveNext() line:66: Unable to create build: \\demant.com\data\KBN\RnD\SWS\Build\Arizona\Phoenix\Nightly-19.2\Phoenix.Nightly-SkipTest-rc-19.2-b281264\DevResults-19.2\PhoenixScriptingToolOticonMedical.7.19.67-b281264.exe
2019-04-19 12:46:30,455 WARN [37] [C:\Projects\Rekurencjon\Rekurencjon\BuildsFactory.cs] GetBrand() line:143: Unable to get brand for: \\demant.com\data\KBN\RnD\SWS\Build\Arizona\Phoenix\Nightly-19.2\Phoenix.Nightly-SkipTest-rc-19.2-b281264\DevResults-19.2\PhoenixScriptingToolPhilips.7.19.67-b281264.exe
2019-04-19 12:46:30,458 WARN [37] [C:\Projects\Rekurencjon\Rekurencjon\BuildsFactory.cs] GetBrand() line:143: Unable to get brand for: \\demant.com\data\KBN\RnD\SWS\Build\Arizona\Phoenix\Nightly-19.2\Phoenix.Nightly-SkipTest-rc-19.2-b281264\DevResults-19.2\PhoenixScriptingToolPhilips.7.19.67-b281264.exe
2019-04-19 12:46:30,459 WARN [37] [C:\Projects\Rekurencjon\Rekurencjon\BuildsFactory.cs] MoveNext() line:66: Unable to create build: \\demant.com\data\KBN\RnD\SWS\Build\Arizona\Phoenix\Nightly-19.2\Phoenix.Nightly-SkipTest-rc-19.2-b281264\DevResults-19.2\PhoenixScriptingToolPhilips.7.19.67-b281264.exe
2019-04-19 12:46:30,461 WARN [37] [C:\Projects\Rekurencjon\Rekurencjon\BuildsFactory.cs] GetBrand() line:143: Unable to get brand for: \\demant.com\data\KBN\RnD\SWS\Build\Arizona\Phoenix\Nightly-19.2\Phoenix.Nightly-SkipTest-rc-19.2-b281264\DevResults-19.2\PhoenixScriptingToolSonic.7.19.67-b281264.exe
2019-04-19 12:46:30,463 WARN [37] [C:\Projects\Rekurencjon\Rekurencjon\BuildsFactory.cs] GetBrand() line:143: Unable to get brand for: \\demant.com\data\KBN\RnD\SWS\Build\Arizona\Phoenix\Nightly-19.2\Phoenix.Nightly-SkipTest-rc-19.2-b281264\DevResults-19.2\PhoenixScriptingToolSonic.7.19.67-b281264.exe
2019-04-19 12:46:30,465 WARN [37] [C:\Projects\Rekurencjon\Rekurencjon\BuildsFactory.cs] MoveNext() line:66: Unable to create build: \\demant.com\data\KBN\RnD\SWS\Build\Arizona\Phoenix\Nightly-19.2\Phoenix.Nightly-SkipTest-rc-19.2-b281264\DevResults-19.2\PhoenixScriptingToolSonic.7.19.67-b281264.exe
2019-04-19 12:46:30,466 WARN [37] [C:\Projects\Rekurencjon\Rekurencjon\BuildsFactory.cs] GetBrand() line:143: Unable to get brand for: \\demant.com\data\KBN\RnD\SWS\Build\Arizona\Phoenix\Nightly-20.1\Phoenix.Nightly-IP1008-b280787\DevResults-20.1\Phoenix.EmulatorProgram.10.8.13-b280787.exe
2019-04-19 12:46:30,468 WARN [37] [C:\Projects\Rekurencjon\Rekurencjon\BuildsFactory.cs] GetBrand() line:143: Unable to get brand for: \\demant.com\data\KBN\RnD\SWS\Build\Arizona\Phoenix\Nightly-20.1\Phoenix.Nightly-IP1008-b280787\DevResults-20.1\Phoenix.EmulatorProgram.10.8.13-b280787.exe
2019-04-19 12:46:30,470 WARN [37] [C:\Projects\Rekurencjon\Rekurencjon\BuildsFactory.cs] MoveNext() line:66: Unable to create build: \\demant.com\data\KBN\RnD\SWS\Build\Arizona\Phoenix\Nightly-20.1\Phoenix.Nightly-IP1008-b280787\DevResults-20.1\Phoenix.EmulatorProgram.10.8.13-b280787.exe
2019-04-19 12:46:30,471 WARN [20] [C:\Projects\Rekurencjon\Rekurencjon\BuildsFactory.cs] GetBrand() line:143: Unable to get brand for: \\demant.com\data\KBN\RnD\SWS\Build\Arizona\Phoenix\Nightly-20.1\Phoenix.Nightly-IP1008-b280904\DevResults-20.1\Phoenix.EmulatorProgram.10.8.14-b280904.exe
2019-04-19 12:46:30,475 WARN [20] [C:\Projects\Rekurencjon\Rekurencjon\BuildsFactory.cs] GetBrand() line:143: Unable to get brand for: \\demant.com\data\KBN\RnD\SWS\Build\Arizona\Phoenix\Nightly-20.1\Phoenix.Nightly-IP1008-b280904\DevResults-20.1\Phoenix.EmulatorProgram.10.8.14-b280904.exe
2019-04-19 12:46:30,477 WARN [20] [C:\Projects\Rekurencjon\Rekurencjon\BuildsFactory.cs] MoveNext() line:66: Unable to create build: \\demant.com\data\KBN\RnD\SWS\Build\Arizona\Phoenix\Nightly-20.1\Phoenix.Nightly-IP1008-b280904\DevResults-20.1\Phoenix.EmulatorProgram.10.8.14-b280904.exe
2019-04-19 12:46:30,479 WARN [20] [C:\Projects\Rekurencjon\Rekurencjon\BuildsFactory.cs] GetBrand() line:143: Unable to get brand for: \\demant.com\data\KBN\RnD\SWS\Build\Arizona\Phoenix\Nightly-20.1\Phoenix.Nightly-JANS-PHOEN-26447-JSON-Include-IP6001_1-b280275\DevResults-20.1\Phoenix.EmulatorProgram.5.0.0-b280275.exe
2019-04-19 12:46:30,480 WARN [20] [C:\Projects\Rekurencjon\Rekurencjon\BuildsFactory.cs] GetBrand() line:143: Unable to get brand for: \\demant.com\data\KBN\RnD\SWS\Build\Arizona\Phoenix\Nightly-20.1\Phoenix.Nightly-JANS-PHOEN-26447-JSON-Include-IP6001_1-b280275\DevResults-20.1\Phoenix.EmulatorProgram.5.0.0-b280275.exe
2019-04-19 12:46:30,482 WARN [20] [C:\Projects\Rekurencjon\Rekurencjon\BuildsFactory.cs] MoveNext() line:66: Unable to create build: \\demant.com\data\KBN\RnD\SWS\Build\Arizona\Phoenix\Nightly-20.1\Phoenix.Nightly-JANS-PHOEN-26447-JSON-Include-IP6001_1-b280275\DevResults-20.1\Phoenix.EmulatorProgram.5.0.0-b280275.exe
2019-04-19 12:46:30,485 WARN [16] [C:\Projects\Rekurencjon\Rekurencjon\BuildsFactory.cs] GetBrand() line:143: Unable to get brand for: \\demant.com\data\KBN\RnD\SWS\Build\Arizona\Phoenix\Nightly-20.1\Phoenix.Nightly-master-b280710\DevResults-20.1\Phoenix.EmulatorProgram.10.6.475-b280710.exe
2019-04-19 12:46:30,486 WARN [16] [C:\Projects\Rekurencjon\Rekurencjon\BuildsFactory.cs] GetBrand() line:143: Unable to get brand for: \\demant.com\data\KBN\RnD\SWS\Build\Arizona\Phoenix\Nightly-20.1\Phoenix.Nightly-master-b280710\DevResults-20.1\Phoenix.EmulatorProgram.10.6.475-b280710.exe
2019-04-19 12:46:30,488 WARN [16] [C:\Projects\Rekurencjon\Rekurencjon\BuildsFactory.cs] MoveNext() line:66: Unable to create build: \\demant.com\data\KBN\RnD\SWS\Build\Arizona\Phoenix\Nightly-20.1\Phoenix.Nightly-master-b280710\DevResults-20.1\Phoenix.EmulatorProgram.10.6.475-b280710.exe
2019-04-19 12:46:30,490 WARN [16] [C:\Projects\Rekurencjon\Rekurencjon\BuildsFactory.cs] GetBrand() line:143: Unable to get brand for: \\demant.com\data\KBN\RnD\SWS\Build\Arizona\Phoenix\Nightly-20.1\Phoenix.Nightly-master-b281167\DevResults-20.1\Phoenix.EmulatorProgram.10.6.493-b281167.exe
2019-04-19 12:46:30,492 WARN [16] [C:\Projects\Rekurencjon\Rekurencjon\BuildsFactory.cs] GetBrand() line:143: Unable to get brand for: \\demant.com\data\KBN\RnD\SWS\Build\Arizona\Phoenix\Nightly-20.1\Phoenix.Nightly-master-b281167\DevResults-20.1\Phoenix.EmulatorProgram.10.6.493-b281167.exe
2019-04-19 12:46:30,494 WARN [16] [C:\Projects\Rekurencjon\Rekurencjon\BuildsFactory.cs] MoveNext() line:66: Unable to create build: \\demant.com\data\KBN\RnD\SWS\Build\Arizona\Phoenix\Nightly-20.1\Phoenix.Nightly-master-b281167\DevResults-20.1\Phoenix.EmulatorProgram.10.6.493-b281167.exe
2019-04-19 12:46:31,088 WARN [36] [C:\Projects\Rekurencjon\Rekurencjon\BuildsFactory.cs] GetBrand() line:143: Unable to get brand for: \\demant.com\data\KBN\RnD\SWS\Build\Arizona\Phoenix\Nightly-20.1\Phoenix.Nightly-master-b281167\DevResults-20.1\PhoenixScriptingToolBernafon.10.6.493-b281167.exe
2019-04-19 12:46:31,091 WARN [36] [C:\Projects\Rekurencjon\Rekurencjon\BuildsFactory.cs] GetBrand() line:143: Unable to get brand for: \\demant.com\data\KBN\RnD\SWS\Build\Arizona\Phoenix\Nightly-20.1\Phoenix.Nightly-master-b281167\DevResults-20.1\PhoenixScriptingToolBernafon.10.6.493-b281167.exe
2019-04-19 12:46:31,094 WARN [36] [C:\Projects\Rekurencjon\Rekurencjon\BuildsFactory.cs] MoveNext() line:66: Unable to create build: \\demant.com\data\KBN\RnD\SWS\Build\Arizona\Phoenix\Nightly-20.1\Phoenix.Nightly-master-b281167\DevResults-20.1\PhoenixScriptingToolBernafon.10.6.493-b281167.exe
2019-04-19 12:46:31,097 WARN [36] [C:\Projects\Rekurencjon\Rekurencjon\BuildsFactory.cs] GetBrand() line:143: Unable to get brand for: \\demant.com\data\KBN\RnD\SWS\Build\Arizona\Phoenix\Nightly-20.1\Phoenix.Nightly-master-b281167\DevResults-20.1\PhoenixScriptingToolOticon.10.6.493-b281167.exe
2019-04-19 12:46:31,100 WARN [36] [C:\Projects\Rekurencjon\Rekurencjon\BuildsFactory.cs] GetBrand() line:143: Unable to get brand for: \\demant.com\data\KBN\RnD\SWS\Build\Arizona\Phoenix\Nightly-20.1\Phoenix.Nightly-master-b281167\DevResults-20.1\PhoenixScriptingToolOticon.10.6.493-b281167.exe
2019-04-19 12:46:31,102 WARN [36] [C:\Projects\Rekurencjon\Rekurencjon\BuildsFactory.cs] MoveNext() line:66: Unable to create build: \\demant.com\data\KBN\RnD\SWS\Build\Arizona\Phoenix\Nightly-20.1\Phoenix.Nightly-master-b281167\DevResults-20.1\PhoenixScriptingToolOticon.10.6.493-b281167.exe
2019-04-19 12:46:31,105 WARN [32] [C:\Projects\Rekurencjon\Rekurencjon\BuildsFactory.cs] GetBrand() line:143: Unable to get brand for: \\demant.com\data\KBN\RnD\SWS\Build\Arizona\Phoenix\Nightly-20.1\Phoenix.Nightly-master-b281167\DevResults-20.1\PhoenixScriptingToolOticonMedical.10.6.493-b281167.exe
2019-04-19 12:46:31,107 WARN [32] [C:\Projects\Rekurencjon\Rekurencjon\BuildsFactory.cs] GetBrand() line:143: Unable to get brand for: \\demant.com\data\KBN\RnD\SWS\Build\Arizona\Phoenix\Nightly-20.1\Phoenix.Nightly-master-b281167\DevResults-20.1\PhoenixScriptingToolOticonMedical.10.6.493-b281167.exe
2019-04-19 12:46:31,110 WARN [32] [C:\Projects\Rekurencjon\Rekurencjon\BuildsFactory.cs] MoveNext() line:66: Unable to create build: \\demant.com\data\KBN\RnD\SWS\Build\Arizona\Phoenix\Nightly-20.1\Phoenix.Nightly-master-b281167\DevResults-20.1\PhoenixScriptingToolOticonMedical.10.6.493-b281167.exe
2019-04-19 12:46:31,112 WARN [38] [C:\Projects\Rekurencjon\Rekurencjon\BuildsFactory.cs] GetBrand() line:143: Unable to get brand for: \\demant.com\data\KBN\RnD\SWS\Build\Arizona\Phoenix\Nightly-20.1\Phoenix.Nightly-master-b281167\DevResults-20.1\PhoenixScriptingToolPhilips.10.6.493-b281167.exe
2019-04-19 12:46:31,113 WARN [38] [C:\Projects\Rekurencjon\Rekurencjon\BuildsFactory.cs] GetBrand() line:143: Unable to get brand for: \\demant.com\data\KBN\RnD\SWS\Build\Arizona\Phoenix\Nightly-20.1\Phoenix.Nightly-master-b281167\DevResults-20.1\PhoenixScriptingToolPhilips.10.6.493-b281167.exe
2019-04-19 12:46:31,115 WARN [38] [C:\Projects\Rekurencjon\Rekurencjon\BuildsFactory.cs] MoveNext() line:66: Unable to create build: \\demant.com\data\KBN\RnD\SWS\Build\Arizona\Phoenix\Nightly-20.1\Phoenix.Nightly-master-b281167\DevResults-20.1\PhoenixScriptingToolPhilips.10.6.493-b281167.exe
2019-04-19 12:46:31,117 WARN [20] [C:\Projects\Rekurencjon\Rekurencjon\BuildsFactory.cs] GetBrand() line:143: Unable to get brand for: \\demant.com\data\KBN\RnD\SWS\Build\Arizona\Phoenix\Nightly-20.1\Phoenix.Nightly-master-b281167\DevResults-20.1\PhoenixScriptingToolSonic.10.6.493-b281167.exe
2019-04-19 12:46:31,120 WARN [20] [C:\Projects\Rekurencjon\Rekurencjon\BuildsFactory.cs] GetBrand() line:143: Unable to get brand for: \\demant.com\data\KBN\RnD\SWS\Build\Arizona\Phoenix\Nightly-20.1\Phoenix.Nightly-master-b281167\DevResults-20.1\PhoenixScriptingToolSonic.10.6.493-b281167.exe
2019-04-19 12:46:31,121 WARN [20] [C:\Projects\Rekurencjon\Rekurencjon\BuildsFactory.cs] MoveNext() line:66: Unable to create build: \\demant.com\data\KBN\RnD\SWS\Build\Arizona\Phoenix\Nightly-20.1\Phoenix.Nightly-master-b281167\DevResults-20.1\PhoenixScriptingToolSonic.10.6.493-b281167.exe
2019-04-19 12:46:33,982 WARN [24] [C:\Projects\Rekurencjon\Rekurencjon\BuildsFactory.cs] GetBrand() line:143: Unable to get brand for: \\demant.com\data\KBN\RnD\SWS\Build\Arizona\Phoenix\Nightly-20.1\Phoenix.Nightly-master-b281192\DevResults-20.1\Phoenix.EmulatorProgram.10.6.495-b281192.exe
2019-04-19 12:46:33,986 WARN [24] [C:\Projects\Rekurencjon\Rekurencjon\BuildsFactory.cs] GetBrand() line:143: Unable to get brand for: \\demant.com\data\KBN\RnD\SWS\Build\Arizona\Phoenix\Nightly-20.1\Phoenix.Nightly-master-b281192\DevResults-20.1\Phoenix.EmulatorProgram.10.6.495-b281192.exe
2019-04-19 12:46:33,989 WARN [24] [C:\Projects\Rekurencjon\Rekurencjon\BuildsFactory.cs] MoveNext() line:66: Unable to create build: \\demant.com\data\KBN\RnD\SWS\Build\Arizona\Phoenix\Nightly-20.1\Phoenix.Nightly-master-b281192\DevResults-20.1\Phoenix.EmulatorProgram.10.6.495-b281192.exe
2019-04-19 12:46:34,579 WARN [46] [C:\Projects\Rekurencjon\Rekurencjon\BuildsFactory.cs] GetBrand() line:143: Unable to get brand for: \\demant.com\data\KBN\RnD\SWS\Build\Arizona\Phoenix\Nightly-20.1\Phoenix.Nightly-master-b281192\DevResults-20.1\PhoenixScriptingToolBernafon.10.6.495-b281192.exe
2019-04-19 12:46:34,583 WARN [46] [C:\Projects\Rekurencjon\Rekurencjon\BuildsFactory.cs] GetBrand() line:143: Unable to get brand for: \\demant.com\data\KBN\RnD\SWS\Build\Arizona\Phoenix\Nightly-20.1\Phoenix.Nightly-master-b281192\DevResults-20.1\PhoenixScriptingToolBernafon.10.6.495-b281192.exe
2019-04-19 12:46:34,585 WARN [46] [C:\Projects\Rekurencjon\Rekurencjon\BuildsFactory.cs] MoveNext() line:66: Unable to create build: \\demant.com\data\KBN\RnD\SWS\Build\Arizona\Phoenix\Nightly-20.1\Phoenix.Nightly-master-b281192\DevResults-20.1\PhoenixScriptingToolBernafon.10.6.495-b281192.exe
2019-04-19 12:46:34,588 WARN [46] [C:\Projects\Rekurencjon\Rekurencjon\BuildsFactory.cs] GetBrand() line:143: Unable to get brand for: \\demant.com\data\KBN\RnD\SWS\Build\Arizona\Phoenix\Nightly-20.1\Phoenix.Nightly-master-b281192\DevResults-20.1\PhoenixScriptingToolOticon.10.6.495-b281192.exe
2019-04-19 12:46:34,591 WARN [46] [C:\Projects\Rekurencjon\Rekurencjon\BuildsFactory.cs] GetBrand() line:143: Unable to get brand for: \\demant.com\data\KBN\RnD\SWS\Build\Arizona\Phoenix\Nightly-20.1\Phoenix.Nightly-master-b281192\DevResults-20.1\PhoenixScriptingToolOticon.10.6.495-b281192.exe
2019-04-19 12:46:34,593 WARN [46] [C:\Projects\Rekurencjon\Rekurencjon\BuildsFactory.cs] MoveNext() line:66: Unable to create build: \\demant.com\data\KBN\RnD\SWS\Build\Arizona\Phoenix\Nightly-20.1\Phoenix.Nightly-master-b281192\DevResults-20.1\PhoenixScriptingToolOticon.10.6.495-b281192.exe
2019-04-19 12:46:34,595 WARN [41] [C:\Projects\Rekurencjon\Rekurencjon\BuildsFactory.cs] GetBrand() line:143: Unable to get brand for: \\demant.com\data\KBN\RnD\SWS\Build\Arizona\Phoenix\Nightly-20.1\Phoenix.Nightly-master-b281192\DevResults-20.1\PhoenixScriptingToolOticonMedical.10.6.495-b281192.exe
2019-04-19 12:46:34,598 WARN [41] [C:\Projects\Rekurencjon\Rekurencjon\BuildsFactory.cs] GetBrand() line:143: Unable to get brand for: \\demant.com\data\KBN\RnD\SWS\Build\Arizona\Phoenix\Nightly-20.1\Phoenix.Nightly-master-b281192\DevResults-20.1\PhoenixScriptingToolOticonMedical.10.6.495-b281192.exe
2019-04-19 12:46:34,600 WARN [41] [C:\Projects\Rekurencjon\Rekurencjon\BuildsFactory.cs] MoveNext() line:66: Unable to create build: \\demant.com\data\KBN\RnD\SWS\Build\Arizona\Phoenix\Nightly-20.1\Phoenix.Nightly-master-b281192\DevResults-20.1\PhoenixScriptingToolOticonMedical.10.6.495-b281192.exe
2019-04-19 12:46:34,603 WARN [41] [C:\Projects\Rekurencjon\Rekurencjon\BuildsFactory.cs] GetBrand() line:143: Unable to get brand for: \\demant.com\data\KBN\RnD\SWS\Build\Arizona\Phoenix\Nightly-20.1\Phoenix.Nightly-master-b281192\DevResults-20.1\PhoenixScriptingToolPhilips.10.6.495-b281192.exe
2019-04-19 12:46:34,605 WARN [41] [C:\Projects\Rekurencjon\Rekurencjon\BuildsFactory.cs] GetBrand() line:143: Unable to get brand for: \\demant.com\data\KBN\RnD\SWS\Build\Arizona\Phoenix\Nightly-20.1\Phoenix.Nightly-master-b281192\DevResults-20.1\PhoenixScriptingToolPhilips.10.6.495-b281192.exe
2019-04-19 12:46:34,608 WARN [41] [C:\Projects\Rekurencjon\Rekurencjon\BuildsFactory.cs] MoveNext() line:66: Unable to create build: \\demant.com\data\KBN\RnD\SWS\Build\Arizona\Phoenix\Nightly-20.1\Phoenix.Nightly-master-b281192\DevResults-20.1\PhoenixScriptingToolPhilips.10.6.495-b281192.exe
2019-04-19 12:46:34,611 WARN [41] [C:\Projects\Rekurencjon\Rekurencjon\BuildsFactory.cs] GetBrand() line:143: Unable to get brand for: \\demant.com\data\KBN\RnD\SWS\Build\Arizona\Phoenix\Nightly-20.1\Phoenix.Nightly-master-b281192\DevResults-20.1\PhoenixScriptingToolSonic.10.6.495-b281192.exe
2019-04-19 12:46:34,613 WARN [41] [C:\Projects\Rekurencjon\Rekurencjon\BuildsFactory.cs] GetBrand() line:143: Unable to get brand for: \\demant.com\data\KBN\RnD\SWS\Build\Arizona\Phoenix\Nightly-20.1\Phoenix.Nightly-master-b281192\DevResults-20.1\PhoenixScriptingToolSonic.10.6.495-b281192.exe
2019-04-19 12:46:34,615 WARN [41] [C:\Projects\Rekurencjon\Rekurencjon\BuildsFactory.cs] MoveNext() line:66: Unable to create build: \\demant.com\data\KBN\RnD\SWS\Build\Arizona\Phoenix\Nightly-20.1\Phoenix.Nightly-master-b281192\DevResults-20.1\PhoenixScriptingToolSonic.10.6.495-b281192.exe
2019-04-19 12:46:37,415 WARN [9] [C:\Projects\Rekurencjon\Rekurencjon\BuildsFactory.cs] GetBrand() line:143: Unable to get brand for: \\demant.com\data\KBN\RnD\SWS\Build\Arizona\Phoenix\Nightly-20.1\Phoenix.Nightly-master-b281210\DevResults-20.1\Phoenix.EmulatorProgram.10.6.498-b281210.exe
2019-04-19 12:46:37,418 WARN [9] [C:\Projects\Rekurencjon\Rekurencjon\BuildsFactory.cs] GetBrand() line:143: Unable to get brand for: \\demant.com\data\KBN\RnD\SWS\Build\Arizona\Phoenix\Nightly-20.1\Phoenix.Nightly-master-b281210\DevResults-20.1\Phoenix.EmulatorProgram.10.6.498-b281210.exe
2019-04-19 12:46:37,420 WARN [9] [C:\Projects\Rekurencjon\Rekurencjon\BuildsFactory.cs] MoveNext() line:66: Unable to create build: \\demant.com\data\KBN\RnD\SWS\Build\Arizona\Phoenix\Nightly-20.1\Phoenix.Nightly-master-b281210\DevResults-20.1\Phoenix.EmulatorProgram.10.6.498-b281210.exe
2019-04-19 12:46:37,976 WARN [39] [C:\Projects\Rekurencjon\Rekurencjon\BuildsFactory.cs] GetBrand() line:143: Unable to get brand for: \\demant.com\data\KBN\RnD\SWS\Build\Arizona\Phoenix\Nightly-20.1\Phoenix.Nightly-master-b281210\DevResults-20.1\PhoenixScriptingToolBernafon.10.6.498-b281210.exe
2019-04-19 12:46:37,980 WARN [39] [C:\Projects\Rekurencjon\Rekurencjon\BuildsFactory.cs] GetBrand() line:143: Unable to get brand for: \\demant.com\data\KBN\RnD\SWS\Build\Arizona\Phoenix\Nightly-20.1\Phoenix.Nightly-master-b281210\DevResults-20.1\PhoenixScriptingToolBernafon.10.6.498-b281210.exe
2019-04-19 12:46:37,982 WARN [39] [C:\Projects\Rekurencjon\Rekurencjon\BuildsFactory.cs] MoveNext() line:66: Unable to create build: \\demant.com\data\KBN\RnD\SWS\Build\Arizona\Phoenix\Nightly-20.1\Phoenix.Nightly-master-b281210\DevResults-20.1\PhoenixScriptingToolBernafon.10.6.498-b281210.exe
2019-04-19 12:46:37,985 WARN [31] [C:\Projects\Rekurencjon\Rekurencjon\BuildsFactory.cs] GetBrand() line:143: Unable to get brand for: \\demant.com\data\KBN\RnD\SWS\Build\Arizona\Phoenix\Nightly-20.1\Phoenix.Nightly-master-b281210\DevResults-20.1\PhoenixScriptingToolOticon.10.6.498-b281210.exe
2019-04-19 12:46:37,988 WARN [31] [C:\Projects\Rekurencjon\Rekurencjon\BuildsFactory.cs] GetBrand() line:143: Unable to get brand for: \\demant.com\data\KBN\RnD\SWS\Build\Arizona\Phoenix\Nightly-20.1\Phoenix.Nightly-master-b281210\DevResults-20.1\PhoenixScriptingToolOticon.10.6.498-b281210.exe
2019-04-19 12:46:37,991 WARN [31] [C:\Projects\Rekurencjon\Rekurencjon\BuildsFactory.cs] MoveNext() line:66: Unable to create build: \\demant.com\data\KBN\RnD\SWS\Build\Arizona\Phoenix\Nightly-20.1\Phoenix.Nightly-master-b281210\DevResults-20.1\PhoenixScriptingToolOticon.10.6.498-b281210.exe
2019-04-19 12:46:37,994 WARN [26] [C:\Projects\Rekurencjon\Rekurencjon\BuildsFactory.cs] GetBrand() line:143: Unable to get brand for: \\demant.com\data\KBN\RnD\SWS\Build\Arizona\Phoenix\Nightly-20.1\Phoenix.Nightly-master-b281210\DevResults-20.1\PhoenixScriptingToolOticonMedical.10.6.498-b281210.exe
2019-04-19 12:46:37,996 WARN [26] [C:\Projects\Rekurencjon\Rekurencjon\BuildsFactory.cs] GetBrand() line:143: Unable to get brand for: \\demant.com\data\KBN\RnD\SWS\Build\Arizona\Phoenix\Nightly-20.1\Phoenix.Nightly-master-b281210\DevResults-20.1\PhoenixScriptingToolOticonMedical.10.6.498-b281210.exe
2019-04-19 12:46:37,998 WARN [26] [C:\Projects\Rekurencjon\Rekurencjon\BuildsFactory.cs] MoveNext() line:66: Unable to create build: \\demant.com\data\KBN\RnD\SWS\Build\Arizona\Phoenix\Nightly-20.1\Phoenix.Nightly-master-b281210\DevResults-20.1\PhoenixScriptingToolOticonMedical.10.6.498-b281210.exe
2019-04-19 12:46:38,001 WARN [22] [C:\Projects\Rekurencjon\Rekurencjon\BuildsFactory.cs] GetBrand() line:143: Unable to get brand for: \\demant.com\data\KBN\RnD\SWS\Build\Arizona\Phoenix\Nightly-20.1\Phoenix.Nightly-master-b281210\DevResults-20.1\PhoenixScriptingToolPhilips.10.6.498-b281210.exe
2019-04-19 12:46:38,003 WARN [22] [C:\Projects\Rekurencjon\Rekurencjon\BuildsFactory.cs] GetBrand() line:143: Unable to get brand for: \\demant.com\data\KBN\RnD\SWS\Build\Arizona\Phoenix\Nightly-20.1\Phoenix.Nightly-master-b281210\DevResults-20.1\PhoenixScriptingToolPhilips.10.6.498-b281210.exe
2019-04-19 12:46:38,006 WARN [22] [C:\Projects\Rekurencjon\Rekurencjon\BuildsFactory.cs] MoveNext() line:66: Unable to create build: \\demant.com\data\KBN\RnD\SWS\Build\Arizona\Phoenix\Nightly-20.1\Phoenix.Nightly-master-b281210\DevResults-20.1\PhoenixScriptingToolPhilips.10.6.498-b281210.exe
2019-04-19 12:46:38,008 WARN [9] [C:\Projects\Rekurencjon\Rekurencjon\BuildsFactory.cs] GetBrand() line:143: Unable to get brand for: \\demant.com\data\KBN\RnD\SWS\Build\Arizona\Phoenix\Nightly-20.1\Phoenix.Nightly-master-b281210\DevResults-20.1\PhoenixScriptingToolSonic.10.6.498-b281210.exe
2019-04-19 12:46:38,010 WARN [9] [C:\Projects\Rekurencjon\Rekurencjon\BuildsFactory.cs] GetBrand() line:143: Unable to get brand for: \\demant.com\data\KBN\RnD\SWS\Build\Arizona\Phoenix\Nightly-20.1\Phoenix.Nightly-master-b281210\DevResults-20.1\PhoenixScriptingToolSonic.10.6.498-b281210.exe
2019-04-19 12:46:38,012 WARN [9] [C:\Projects\Rekurencjon\Rekurencjon\BuildsFactory.cs] MoveNext() line:66: Unable to create build: \\demant.com\data\KBN\RnD\SWS\Build\Arizona\Phoenix\Nightly-20.1\Phoenix.Nightly-master-b281210\DevResults-20.1\PhoenixScriptingToolSonic.10.6.498-b281210.exe
2019-04-19 12:46:40,674 WARN [14] [C:\Projects\Rekurencjon\Rekurencjon\BuildsFactory.cs] GetBrand() line:143: Unable to get brand for: \\demant.com\data\KBN\RnD\SWS\Build\Arizona\Phoenix\Nightly-20.1\Phoenix.Nightly-master-b281231\DevResults-20.1\Phoenix.EmulatorProgram.10.6.499-b281231.exe
2019-04-19 12:46:40,677 WARN [14] [C:\Projects\Rekurencjon\Rekurencjon\BuildsFactory.cs] GetBrand() line:143: Unable to get brand for: \\demant.com\data\KBN\RnD\SWS\Build\Arizona\Phoenix\Nightly-20.1\Phoenix.Nightly-master-b281231\DevResults-20.1\Phoenix.EmulatorProgram.10.6.499-b281231.exe
2019-04-19 12:46:40,681 WARN [14] [C:\Projects\Rekurencjon\Rekurencjon\BuildsFactory.cs] MoveNext() line:66: Unable to create build: \\demant.com\data\KBN\RnD\SWS\Build\Arizona\Phoenix\Nightly-20.1\Phoenix.Nightly-master-b281231\DevResults-20.1\Phoenix.EmulatorProgram.10.6.499-b281231.exe
2019-04-19 12:46:40,683 WARN [14] [C:\Projects\Rekurencjon\Rekurencjon\BuildsFactory.cs] GetBrand() line:143: Unable to get brand for: \\demant.com\data\KBN\RnD\SWS\Build\Arizona\Phoenix\Nightly-20.1\Phoenix.Nightly-master-b281252\DevResults-20.1\Phoenix.EmulatorProgram.10.6.500-b281252.exe
2019-04-19 12:46:40,686 WARN [14] [C:\Projects\Rekurencjon\Rekurencjon\BuildsFactory.cs] GetBrand() line:143: Unable to get brand for: \\demant.com\data\KBN\RnD\SWS\Build\Arizona\Phoenix\Nightly-20.1\Phoenix.Nightly-master-b281252\DevResults-20.1\Phoenix.EmulatorProgram.10.6.500-b281252.exe
2019-04-19 12:46:40,690 WARN [14] [C:\Projects\Rekurencjon\Rekurencjon\BuildsFactory.cs] MoveNext() line:66: Unable to create build: \\demant.com\data\KBN\RnD\SWS\Build\Arizona\Phoenix\Nightly-20.1\Phoenix.Nightly-master-b281252\DevResults-20.1\Phoenix.EmulatorProgram.10.6.500-b281252.exe
2019-04-19 12:46:41,248 WARN [45] [C:\Projects\Rekurencjon\Rekurencjon\BuildsFactory.cs] GetBrand() line:143: Unable to get brand for: \\demant.com\data\KBN\RnD\SWS\Build\Arizona\Phoenix\Nightly-20.1\Phoenix.Nightly-master-b281252\DevResults-20.1\PhoenixScriptingToolBernafon.10.6.500-b281252.exe
2019-04-19 12:46:41,251 WARN [45] [C:\Projects\Rekurencjon\Rekurencjon\BuildsFactory.cs] GetBrand() line:143: Unable to get brand for: \\demant.com\data\KBN\RnD\SWS\Build\Arizona\Phoenix\Nightly-20.1\Phoenix.Nightly-master-b281252\DevResults-20.1\PhoenixScriptingToolBernafon.10.6.500-b281252.exe
2019-04-19 12:46:41,254 WARN [45] [C:\Projects\Rekurencjon\Rekurencjon\BuildsFactory.cs] MoveNext() line:66: Unable to create build: \\demant.com\data\KBN\RnD\SWS\Build\Arizona\Phoenix\Nightly-20.1\Phoenix.Nightly-master-b281252\DevResults-20.1\PhoenixScriptingToolBernafon.10.6.500-b281252.exe
2019-04-19 12:46:41,257 WARN [45] [C:\Projects\Rekurencjon\Rekurencjon\BuildsFactory.cs] GetBrand() line:143: Unable to get brand for: \\demant.com\data\KBN\RnD\SWS\Build\Arizona\Phoenix\Nightly-20.1\Phoenix.Nightly-master-b281252\DevResults-20.1\PhoenixScriptingToolOticon.10.6.500-b281252.exe
2019-04-19 12:46:41,261 WARN [45] [C:\Projects\Rekurencjon\Rekurencjon\BuildsFactory.cs] GetBrand() line:143: Unable to get brand for: \\demant.com\data\KBN\RnD\SWS\Build\Arizona\Phoenix\Nightly-20.1\Phoenix.Nightly-master-b281252\DevResults-20.1\PhoenixScriptingToolOticon.10.6.500-b281252.exe
2019-04-19 12:46:41,263 WARN [45] [C:\Projects\Rekurencjon\Rekurencjon\BuildsFactory.cs] MoveNext() line:66: Unable to create build: \\demant.com\data\KBN\RnD\SWS\Build\Arizona\Phoenix\Nightly-20.1\Phoenix.Nightly-master-b281252\DevResults-20.1\PhoenixScriptingToolOticon.10.6.500-b281252.exe
2019-04-19 12:46:41,265 WARN [45] [C:\Projects\Rekurencjon\Rekurencjon\BuildsFactory.cs] GetBrand() line:143: Unable to get brand for: \\demant.com\data\KBN\RnD\SWS\Build\Arizona\Phoenix\Nightly-20.1\Phoenix.Nightly-master-b281252\DevResults-20.1\PhoenixScriptingToolOticonMedical.10.6.500-b281252.exe
2019-04-19 12:46:41,267 WARN [45] [C:\Projects\Rekurencjon\Rekurencjon\BuildsFactory.cs] GetBrand() line:143: Unable to get brand for: \\demant.com\data\KBN\RnD\SWS\Build\Arizona\Phoenix\Nightly-20.1\Phoenix.Nightly-master-b281252\DevResults-20.1\PhoenixScriptingToolOticonMedical.10.6.500-b281252.exe
2019-04-19 12:46:41,270 WARN [45] [C:\Projects\Rekurencjon\Rekurencjon\BuildsFactory.cs] MoveNext() line:66: Unable to create build: \\demant.com\data\KBN\RnD\SWS\Build\Arizona\Phoenix\Nightly-20.1\Phoenix.Nightly-master-b281252\DevResults-20.1\PhoenixScriptingToolOticonMedical.10.6.500-b281252.exe
2019-04-19 12:46:41,272 WARN [42] [C:\Projects\Rekurencjon\Rekurencjon\BuildsFactory.cs] GetBrand() line:143: Unable to get brand for: \\demant.com\data\KBN\RnD\SWS\Build\Arizona\Phoenix\Nightly-20.1\Phoenix.Nightly-master-b281252\DevResults-20.1\PhoenixScriptingToolPhilips.10.6.500-b281252.exe
2019-04-19 12:46:41,274 WARN [42] [C:\Projects\Rekurencjon\Rekurencjon\BuildsFactory.cs] GetBrand() line:143: Unable to get brand for: \\demant.com\data\KBN\RnD\SWS\Build\Arizona\Phoenix\Nightly-20.1\Phoenix.Nightly-master-b281252\DevResults-20.1\PhoenixScriptingToolPhilips.10.6.500-b281252.exe
2019-04-19 12:46:41,276 WARN [42] [C:\Projects\Rekurencjon\Rekurencjon\BuildsFactory.cs] MoveNext() line:66: Unable to create build: \\demant.com\data\KBN\RnD\SWS\Build\Arizona\Phoenix\Nightly-20.1\Phoenix.Nightly-master-b281252\DevResults-20.1\PhoenixScriptingToolPhilips.10.6.500-b281252.exe
2019-04-19 12:46:41,279 WARN [14] [C:\Projects\Rekurencjon\Rekurencjon\BuildsFactory.cs] GetBrand() line:143: Unable to get brand for: \\demant.com\data\KBN\RnD\SWS\Build\Arizona\Phoenix\Nightly-20.1\Phoenix.Nightly-master-b281252\DevResults-20.1\PhoenixScriptingToolSonic.10.6.500-b281252.exe
2019-04-19 12:46:41,281 WARN [14] [C:\Projects\Rekurencjon\Rekurencjon\BuildsFactory.cs] GetBrand() line:143: Unable to get brand for: \\demant.com\data\KBN\RnD\SWS\Build\Arizona\Phoenix\Nightly-20.1\Phoenix.Nightly-master-b281252\DevResults-20.1\PhoenixScriptingToolSonic.10.6.500-b281252.exe
2019-04-19 12:46:41,282 WARN [14] [C:\Projects\Rekurencjon\Rekurencjon\BuildsFactory.cs] MoveNext() line:66: Unable to create build: \\demant.com\data\KBN\RnD\SWS\Build\Arizona\Phoenix\Nightly-20.1\Phoenix.Nightly-master-b281252\DevResults-20.1\PhoenixScriptingToolSonic.10.6.500-b281252.exe
2019-04-19 12:46:41,284 WARN [14] [C:\Projects\Rekurencjon\Rekurencjon\BuildsFactory.cs] GetBrand() line:143: Unable to get brand for: \\demant.com\data\KBN\RnD\SWS\Build\Arizona\Phoenix\Nightly-20.1\Phoenix.Nightly-master-b281259\DevResults-20.1\Phoenix.EmulatorProgram.10.6.501-b281259.exe
2019-04-19 12:46:41,286 WARN [14] [C:\Projects\Rekurencjon\Rekurencjon\BuildsFactory.cs] GetBrand() line:143: Unable to get brand for: \\demant.com\data\KBN\RnD\SWS\Build\Arizona\Phoenix\Nightly-20.1\Phoenix.Nightly-master-b281259\DevResults-20.1\Phoenix.EmulatorProgram.10.6.501-b281259.exe
2019-04-19 12:46:41,289 WARN [14] [C:\Projects\Rekurencjon\Rekurencjon\BuildsFactory.cs] MoveNext() line:66: Unable to create build: \\demant.com\data\KBN\RnD\SWS\Build\Arizona\Phoenix\Nightly-20.1\Phoenix.Nightly-master-b281259\DevResults-20.1\Phoenix.EmulatorProgram.10.6.501-b281259.exe
2019-04-19 12:46:41,837 WARN [16] [C:\Projects\Rekurencjon\Rekurencjon\BuildsFactory.cs] GetBrand() line:143: Unable to get brand for: \\demant.com\data\KBN\RnD\SWS\Build\Arizona\Phoenix\Nightly-20.1\Phoenix.Nightly-master-b281259\DevResults-20.1\PhoenixScriptingToolBernafon.10.6.501-b281259.exe
2019-04-19 12:46:41,841 WARN [16] [C:\Projects\Rekurencjon\Rekurencjon\BuildsFactory.cs] GetBrand() line:143: Unable to get brand for: \\demant.com\data\KBN\RnD\SWS\Build\Arizona\Phoenix\Nightly-20.1\Phoenix.Nightly-master-b281259\DevResults-20.1\PhoenixScriptingToolBernafon.10.6.501-b281259.exe
2019-04-19 12:46:41,844 WARN [16] [C:\Projects\Rekurencjon\Rekurencjon\BuildsFactory.cs] MoveNext() line:66: Unable to create build: \\demant.com\data\KBN\RnD\SWS\Build\Arizona\Phoenix\Nightly-20.1\Phoenix.Nightly-master-b281259\DevResults-20.1\PhoenixScriptingToolBernafon.10.6.501-b281259.exe
2019-04-19 12:46:41,846 WARN [33] [C:\Projects\Rekurencjon\Rekurencjon\BuildsFactory.cs] GetBrand() line:143: Unable to get brand for: \\demant.com\data\KBN\RnD\SWS\Build\Arizona\Phoenix\Nightly-20.1\Phoenix.Nightly-master-b281259\DevResults-20.1\PhoenixScriptingToolOticon.10.6.501-b281259.exe
2019-04-19 12:46:41,849 WARN [33] [C:\Projects\Rekurencjon\Rekurencjon\BuildsFactory.cs] GetBrand() line:143: Unable to get brand for: \\demant.com\data\KBN\RnD\SWS\Build\Arizona\Phoenix\Nightly-20.1\Phoenix.Nightly-master-b281259\DevResults-20.1\PhoenixScriptingToolOticon.10.6.501-b281259.exe
2019-04-19 12:46:41,851 WARN [33] [C:\Projects\Rekurencjon\Rekurencjon\BuildsFactory.cs] MoveNext() line:66: Unable to create build: \\demant.com\data\KBN\RnD\SWS\Build\Arizona\Phoenix\Nightly-20.1\Phoenix.Nightly-master-b281259\DevResults-20.1\PhoenixScriptingToolOticon.10.6.501-b281259.exe
2019-04-19 12:46:41,853 WARN [18] [C:\Projects\Rekurencjon\Rekurencjon\BuildsFactory.cs] GetBrand() line:143: Unable to get brand for: \\demant.com\data\KBN\RnD\SWS\Build\Arizona\Phoenix\Nightly-20.1\Phoenix.Nightly-master-b281259\DevResults-20.1\PhoenixScriptingToolOticonMedical.10.6.501-b281259.exe
2019-04-19 12:46:41,855 WARN [18] [C:\Projects\Rekurencjon\Rekurencjon\BuildsFactory.cs] GetBrand() line:143: Unable to get brand for: \\demant.com\data\KBN\RnD\SWS\Build\Arizona\Phoenix\Nightly-20.1\Phoenix.Nightly-master-b281259\DevResults-20.1\PhoenixScriptingToolOticonMedical.10.6.501-b281259.exe
2019-04-19 12:46:41,857 WARN [18] [C:\Projects\Rekurencjon\Rekurencjon\BuildsFactory.cs] MoveNext() line:66: Unable to create build: \\demant.com\data\KBN\RnD\SWS\Build\Arizona\Phoenix\Nightly-20.1\Phoenix.Nightly-master-b281259\DevResults-20.1\PhoenixScriptingToolOticonMedical.10.6.501-b281259.exe
2019-04-19 12:46:41,860 WARN [18] [C:\Projects\Rekurencjon\Rekurencjon\BuildsFactory.cs] GetBrand() line:143: Unable to get brand for: \\demant.com\data\KBN\RnD\SWS\Build\Arizona\Phoenix\Nightly-20.1\Phoenix.Nightly-master-b281259\DevResults-20.1\PhoenixScriptingToolPhilips.10.6.501-b281259.exe
2019-04-19 12:46:41,862 WARN [18] [C:\Projects\Rekurencjon\Rekurencjon\BuildsFactory.cs] GetBrand() line:143: Unable to get brand for: \\demant.com\data\KBN\RnD\SWS\Build\Arizona\Phoenix\Nightly-20.1\Phoenix.Nightly-master-b281259\DevResults-20.1\PhoenixScriptingToolPhilips.10.6.501-b281259.exe
2019-04-19 12:46:41,863 WARN [18] [C:\Projects\Rekurencjon\Rekurencjon\BuildsFactory.cs] MoveNext() line:66: Unable to create build: \\demant.com\data\KBN\RnD\SWS\Build\Arizona\Phoenix\Nightly-20.1\Phoenix.Nightly-master-b281259\DevResults-20.1\PhoenixScriptingToolPhilips.10.6.501-b281259.exe
2019-04-19 12:46:41,865 WARN [17] [C:\Projects\Rekurencjon\Rekurencjon\BuildsFactory.cs] GetBrand() line:143: Unable to get brand for: \\demant.com\data\KBN\RnD\SWS\Build\Arizona\Phoenix\Nightly-20.1\Phoenix.Nightly-master-b281259\DevResults-20.1\PhoenixScriptingToolSonic.10.6.501-b281259.exe
2019-04-19 12:46:41,867 WARN [17] [C:\Projects\Rekurencjon\Rekurencjon\BuildsFactory.cs] GetBrand() line:143: Unable to get brand for: \\demant.com\data\KBN\RnD\SWS\Build\Arizona\Phoenix\Nightly-20.1\Phoenix.Nightly-master-b281259\DevResults-20.1\PhoenixScriptingToolSonic.10.6.501-b281259.exe
2019-04-19 12:46:41,870 WARN [17] [C:\Projects\Rekurencjon\Rekurencjon\BuildsFactory.cs] MoveNext() line:66: Unable to create build: \\demant.com\data\KBN\RnD\SWS\Build\Arizona\Phoenix\Nightly-20.1\Phoenix.Nightly-master-b281259\DevResults-20.1\PhoenixScriptingToolSonic.10.6.501-b281259.exe
2019-04-19 12:46:41,872 WARN [17] [C:\Projects\Rekurencjon\Rekurencjon\BuildsFactory.cs] GetBrand() line:143: Unable to get brand for: \\demant.com\data\KBN\RnD\SWS\Build\Arizona\Phoenix\Nightly-20.1\Phoenix.Nightly-master-b281263\DevResults-20.1\Phoenix.EmulatorProgram.10.6.502-b281263.exe
2019-04-19 12:46:41,874 WARN [17] [C:\Projects\Rekurencjon\Rekurencjon\BuildsFactory.cs] GetBrand() line:143: Unable to get brand for: \\demant.com\data\KBN\RnD\SWS\Build\Arizona\Phoenix\Nightly-20.1\Phoenix.Nightly-master-b281263\DevResults-20.1\Phoenix.EmulatorProgram.10.6.502-b281263.exe
2019-04-19 12:46:41,875 WARN [17] [C:\Projects\Rekurencjon\Rekurencjon\BuildsFactory.cs] MoveNext() line:66: Unable to create build: \\demant.com\data\KBN\RnD\SWS\Build\Arizona\Phoenix\Nightly-20.1\Phoenix.Nightly-master-b281263\DevResults-20.1\Phoenix.EmulatorProgram.10.6.502-b281263.exe
2019-04-19 12:46:41,877 WARN [23] [C:\Projects\Rekurencjon\Rekurencjon\BuildsFactory.cs] GetBrand() line:143: Unable to get brand for: \\demant.com\data\KBN\RnD\SWS\Build\Arizona\Phoenix\Nightly-20.1\Phoenix.Nightly-SkipTest-master-b281191\DevResults-20.1\Phoenix.EmulatorProgram.10.6.494-b281191.exe
2019-04-19 12:46:41,880 WARN [23] [C:\Projects\Rekurencjon\Rekurencjon\BuildsFactory.cs] GetBrand() line:143: Unable to get brand for: \\demant.com\data\KBN\RnD\SWS\Build\Arizona\Phoenix\Nightly-20.1\Phoenix.Nightly-SkipTest-master-b281191\DevResults-20.1\Phoenix.EmulatorProgram.10.6.494-b281191.exe
2019-04-19 12:46:41,882 WARN [23] [C:\Projects\Rekurencjon\Rekurencjon\BuildsFactory.cs] MoveNext() line:66: Unable to create build: \\demant.com\data\KBN\RnD\SWS\Build\Arizona\Phoenix\Nightly-20.1\Phoenix.Nightly-SkipTest-master-b281191\DevResults-20.1\Phoenix.EmulatorProgram.10.6.494-b281191.exe
2019-04-19 12:46:42,468 WARN [33] [C:\Projects\Rekurencjon\Rekurencjon\BuildsFactory.cs] GetBrand() line:143: Unable to get brand for: \\demant.com\data\KBN\RnD\SWS\Build\Arizona\Phoenix\Nightly-20.1\Phoenix.Nightly-SkipTest-master-b281191\DevResults-20.1\PhoenixScriptingToolBernafon.10.6.494-b281191.exe
2019-04-19 12:46:42,471 WARN [33] [C:\Projects\Rekurencjon\Rekurencjon\BuildsFactory.cs] GetBrand() line:143: Unable to get brand for: \\demant.com\data\KBN\RnD\SWS\Build\Arizona\Phoenix\Nightly-20.1\Phoenix.Nightly-SkipTest-master-b281191\DevResults-20.1\PhoenixScriptingToolBernafon.10.6.494-b281191.exe
2019-04-19 12:46:42,473 WARN [33] [C:\Projects\Rekurencjon\Rekurencjon\BuildsFactory.cs] MoveNext() line:66: Unable to create build: \\demant.com\data\KBN\RnD\SWS\Build\Arizona\Phoenix\Nightly-20.1\Phoenix.Nightly-SkipTest-master-b281191\DevResults-20.1\PhoenixScriptingToolBernafon.10.6.494-b281191.exe
2019-04-19 12:46:42,476 WARN [42] [C:\Projects\Rekurencjon\Rekurencjon\BuildsFactory.cs] GetBrand() line:143: Unable to get brand for: \\demant.com\data\KBN\RnD\SWS\Build\Arizona\Phoenix\Nightly-20.1\Phoenix.Nightly-SkipTest-master-b281191\DevResults-20.1\PhoenixScriptingToolOticon.10.6.494-b281191.exe
2019-04-19 12:46:42,478 WARN [42] [C:\Projects\Rekurencjon\Rekurencjon\BuildsFactory.cs] GetBrand() line:143: Unable to get brand for: \\demant.com\data\KBN\RnD\SWS\Build\Arizona\Phoenix\Nightly-20.1\Phoenix.Nightly-SkipTest-master-b281191\DevResults-20.1\PhoenixScriptingToolOticon.10.6.494-b281191.exe
2019-04-19 12:46:42,481 WARN [42] [C:\Projects\Rekurencjon\Rekurencjon\BuildsFactory.cs] MoveNext() line:66: Unable to create build: \\demant.com\data\KBN\RnD\SWS\Build\Arizona\Phoenix\Nightly-20.1\Phoenix.Nightly-SkipTest-master-b281191\DevResults-20.1\PhoenixScriptingToolOticon.10.6.494-b281191.exe
2019-04-19 12:46:42,484 WARN [38] [C:\Projects\Rekurencjon\Rekurencjon\BuildsFactory.cs] GetBrand() line:143: Unable to get brand for: \\demant.com\data\KBN\RnD\SWS\Build\Arizona\Phoenix\Nightly-20.1\Phoenix.Nightly-SkipTest-master-b281191\DevResults-20.1\PhoenixScriptingToolOticonMedical.10.6.494-b281191.exe
2019-04-19 12:46:42,486 WARN [38] [C:\Projects\Rekurencjon\Rekurencjon\BuildsFactory.cs] GetBrand() line:143: Unable to get brand for: \\demant.com\data\KBN\RnD\SWS\Build\Arizona\Phoenix\Nightly-20.1\Phoenix.Nightly-SkipTest-master-b281191\DevResults-20.1\PhoenixScriptingToolOticonMedical.10.6.494-b281191.exe
2019-04-19 12:46:42,488 WARN [38] [C:\Projects\Rekurencjon\Rekurencjon\BuildsFactory.cs] MoveNext() line:66: Unable to create build: \\demant.com\data\KBN\RnD\SWS\Build\Arizona\Phoenix\Nightly-20.1\Phoenix.Nightly-SkipTest-master-b281191\DevResults-20.1\PhoenixScriptingToolOticonMedical.10.6.494-b281191.exe
2019-04-19 12:46:42,493 WARN [39] [C:\Projects\Rekurencjon\Rekurencjon\BuildsFactory.cs] GetBrand() line:143: Unable to get brand for: \\demant.com\data\KBN\RnD\SWS\Build\Arizona\Phoenix\Nightly-20.1\Phoenix.Nightly-SkipTest-master-b281191\DevResults-20.1\PhoenixScriptingToolPhilips.10.6.494-b281191.exe
2019-04-19 12:46:42,495 WARN [39] [C:\Projects\Rekurencjon\Rekurencjon\BuildsFactory.cs] GetBrand() line:143: Unable to get brand for: \\demant.com\data\KBN\RnD\SWS\Build\Arizona\Phoenix\Nightly-20.1\Phoenix.Nightly-SkipTest-master-b281191\DevResults-20.1\PhoenixScriptingToolPhilips.10.6.494-b281191.exe
2019-04-19 12:46:42,497 WARN [39] [C:\Projects\Rekurencjon\Rekurencjon\BuildsFactory.cs] MoveNext() line:66: Unable to create build: \\demant.com\data\KBN\RnD\SWS\Build\Arizona\Phoenix\Nightly-20.1\Phoenix.Nightly-SkipTest-master-b281191\DevResults-20.1\PhoenixScriptingToolPhilips.10.6.494-b281191.exe
2019-04-19 12:46:42,498 WARN [36] [C:\Projects\Rekurencjon\Rekurencjon\BuildsFactory.cs] GetBrand() line:143: Unable to get brand for: \\demant.com\data\KBN\RnD\SWS\Build\Arizona\Phoenix\Nightly-20.1\Phoenix.Nightly-SkipTest-master-b281191\DevResults-20.1\PhoenixScriptingToolSonic.10.6.494-b281191.exe
2019-04-19 12:46:42,500 WARN [36] [C:\Projects\Rekurencjon\Rekurencjon\BuildsFactory.cs] GetBrand() line:143: Unable to get brand for: \\demant.com\data\KBN\RnD\SWS\Build\Arizona\Phoenix\Nightly-20.1\Phoenix.Nightly-SkipTest-master-b281191\DevResults-20.1\PhoenixScriptingToolSonic.10.6.494-b281191.exe
2019-04-19 12:46:42,502 WARN [36] [C:\Projects\Rekurencjon\Rekurencjon\BuildsFactory.cs] MoveNext() line:66: Unable to create build: \\demant.com\data\KBN\RnD\SWS\Build\Arizona\Phoenix\Nightly-20.1\Phoenix.Nightly-SkipTest-master-b281191\DevResults-20.1\PhoenixScriptingToolSonic.10.6.494-b281191.exe
2019-04-19 12:46:45,361 WARN [43] [C:\Projects\Rekurencjon\Rekurencjon\BuildsFactory.cs] GetBrand() line:143: Unable to get brand for: \\demant.com\data\KBN\RnD\SWS\Build\Arizona\Phoenix\Nightly-20.1\Phoenix.Nightly-SkipTest-master-b281209\DevResults-20.1\Phoenix.EmulatorProgram.10.6.497-b281209.exe
2019-04-19 12:46:45,364 WARN [43] [C:\Projects\Rekurencjon\Rekurencjon\BuildsFactory.cs] GetBrand() line:143: Unable to get brand for: \\demant.com\data\KBN\RnD\SWS\Build\Arizona\Phoenix\Nightly-20.1\Phoenix.Nightly-SkipTest-master-b281209\DevResults-20.1\Phoenix.EmulatorProgram.10.6.497-b281209.exe
2019-04-19 12:46:45,366 WARN [43] [C:\Projects\Rekurencjon\Rekurencjon\BuildsFactory.cs] MoveNext() line:66: Unable to create build: \\demant.com\data\KBN\RnD\SWS\Build\Arizona\Phoenix\Nightly-20.1\Phoenix.Nightly-SkipTest-master-b281209\DevResults-20.1\Phoenix.EmulatorProgram.10.6.497-b281209.exe
2019-04-19 12:46:45,916 WARN [45] [C:\Projects\Rekurencjon\Rekurencjon\BuildsFactory.cs] GetBrand() line:143: Unable to get brand for: \\demant.com\data\KBN\RnD\SWS\Build\Arizona\Phoenix\Nightly-20.1\Phoenix.Nightly-SkipTest-master-b281209\DevResults-20.1\PhoenixScriptingToolBernafon.10.6.497-b281209.exe
2019-04-19 12:46:45,920 WARN [45] [C:\Projects\Rekurencjon\Rekurencjon\BuildsFactory.cs] GetBrand() line:143: Unable to get brand for: \\demant.com\data\KBN\RnD\SWS\Build\Arizona\Phoenix\Nightly-20.1\Phoenix.Nightly-SkipTest-master-b281209\DevResults-20.1\PhoenixScriptingToolBernafon.10.6.497-b281209.exe
2019-04-19 12:46:45,923 WARN [45] [C:\Projects\Rekurencjon\Rekurencjon\BuildsFactory.cs] MoveNext() line:66: Unable to create build: \\demant.com\data\KBN\RnD\SWS\Build\Arizona\Phoenix\Nightly-20.1\Phoenix.Nightly-SkipTest-master-b281209\DevResults-20.1\PhoenixScriptingToolBernafon.10.6.497-b281209.exe
2019-04-19 12:46:45,926 WARN [42] [C:\Projects\Rekurencjon\Rekurencjon\BuildsFactory.cs] GetBrand() line:143: Unable to get brand for: \\demant.com\data\KBN\RnD\SWS\Build\Arizona\Phoenix\Nightly-20.1\Phoenix.Nightly-SkipTest-master-b281209\DevResults-20.1\PhoenixScriptingToolOticon.10.6.497-b281209.exe
2019-04-19 12:46:45,929 WARN [42] [C:\Projects\Rekurencjon\Rekurencjon\BuildsFactory.cs] GetBrand() line:143: Unable to get brand for: \\demant.com\data\KBN\RnD\SWS\Build\Arizona\Phoenix\Nightly-20.1\Phoenix.Nightly-SkipTest-master-b281209\DevResults-20.1\PhoenixScriptingToolOticon.10.6.497-b281209.exe
2019-04-19 12:46:45,931 WARN [42] [C:\Projects\Rekurencjon\Rekurencjon\BuildsFactory.cs] MoveNext() line:66: Unable to create build: \\demant.com\data\KBN\RnD\SWS\Build\Arizona\Phoenix\Nightly-20.1\Phoenix.Nightly-SkipTest-master-b281209\DevResults-20.1\PhoenixScriptingToolOticon.10.6.497-b281209.exe
2019-04-19 12:46:45,934 WARN [32] [C:\Projects\Rekurencjon\Rekurencjon\BuildsFactory.cs] GetBrand() line:143: Unable to get brand for: \\demant.com\data\KBN\RnD\SWS\Build\Arizona\Phoenix\Nightly-20.1\Phoenix.Nightly-SkipTest-master-b281209\DevResults-20.1\PhoenixScriptingToolOticonMedical.10.6.497-b281209.exe
2019-04-19 12:46:45,936 WARN [32] [C:\Projects\Rekurencjon\Rekurencjon\BuildsFactory.cs] GetBrand() line:143: Unable to get brand for: \\demant.com\data\KBN\RnD\SWS\Build\Arizona\Phoenix\Nightly-20.1\Phoenix.Nightly-SkipTest-master-b281209\DevResults-20.1\PhoenixScriptingToolOticonMedical.10.6.497-b281209.exe
2019-04-19 12:46:45,939 WARN [32] [C:\Projects\Rekurencjon\Rekurencjon\BuildsFactory.cs] MoveNext() line:66: Unable to create build: \\demant.com\data\KBN\RnD\SWS\Build\Arizona\Phoenix\Nightly-20.1\Phoenix.Nightly-SkipTest-master-b281209\DevResults-20.1\PhoenixScriptingToolOticonMedical.10.6.497-b281209.exe
2019-04-19 12:46:45,943 WARN [39] [C:\Projects\Rekurencjon\Rekurencjon\BuildsFactory.cs] GetBrand() line:143: Unable to get brand for: \\demant.com\data\KBN\RnD\SWS\Build\Arizona\Phoenix\Nightly-20.1\Phoenix.Nightly-SkipTest-master-b281209\DevResults-20.1\PhoenixScriptingToolPhilips.10.6.497-b281209.exe
2019-04-19 12:46:45,945 WARN [39] [C:\Projects\Rekurencjon\Rekurencjon\BuildsFactory.cs] GetBrand() line:143: Unable to get brand for: \\demant.com\data\KBN\RnD\SWS\Build\Arizona\Phoenix\Nightly-20.1\Phoenix.Nightly-SkipTest-master-b281209\DevResults-20.1\PhoenixScriptingToolPhilips.10.6.497-b281209.exe
2019-04-19 12:46:45,947 WARN [39] [C:\Projects\Rekurencjon\Rekurencjon\BuildsFactory.cs] MoveNext() line:66: Unable to create build: \\demant.com\data\KBN\RnD\SWS\Build\Arizona\Phoenix\Nightly-20.1\Phoenix.Nightly-SkipTest-master-b281209\DevResults-20.1\PhoenixScriptingToolPhilips.10.6.497-b281209.exe
2019-04-19 12:46:45,949 WARN [46] [C:\Projects\Rekurencjon\Rekurencjon\BuildsFactory.cs] GetBrand() line:143: Unable to get brand for: \\demant.com\data\KBN\RnD\SWS\Build\Arizona\Phoenix\Nightly-20.1\Phoenix.Nightly-SkipTest-master-b281209\DevResults-20.1\PhoenixScriptingToolSonic.10.6.497-b281209.exe
2019-04-19 12:46:45,951 WARN [46] [C:\Projects\Rekurencjon\Rekurencjon\BuildsFactory.cs] GetBrand() line:143: Unable to get brand for: \\demant.com\data\KBN\RnD\SWS\Build\Arizona\Phoenix\Nightly-20.1\Phoenix.Nightly-SkipTest-master-b281209\DevResults-20.1\PhoenixScriptingToolSonic.10.6.497-b281209.exe
2019-04-19 12:46:45,952 WARN [46] [C:\Projects\Rekurencjon\Rekurencjon\BuildsFactory.cs] MoveNext() line:66: Unable to create build: \\demant.com\data\KBN\RnD\SWS\Build\Arizona\Phoenix\Nightly-20.1\Phoenix.Nightly-SkipTest-master-b281209\DevResults-20.1\PhoenixScriptingToolSonic.10.6.497-b281209.exe
2019-04-19 12:46:48,744 INFO [14] [C:\Projects\Rekurencjon\Rekurencjon\BuildsFactory.cs] MoveNext() line:31: Number of builds: 806
2019-04-19 12:47:22,130 INFO [14] [C:\Projects\Rekurencjon\Rekurencjon\Program.cs] SaveBuildsToDatabase() line:43: Saved 806 new builds to database
2019-04-19 12:47:22,133 INFO [14] [C:\Projects\Rekurencjon\Rekurencjon\Program.cs] MoveNext() line:140: Stop timer
2019-04-19 12:47:22,135 INFO [14] [C:\Projects\Rekurencjon\Rekurencjon\Program.cs] MoveNext() line:141: Finished in 00:09:29.1953999
