2019-04-26 13:58:04,837 INFO [1] [C:\Projects\Rekurencjon\Rekurencjon\Program.cs] MoveNext() line:121: Starting Rekurencjon
2019-04-26 13:58:04,879 INFO [1] [C:\Projects\Rekurencjon\Rekurencjon\Program.cs] DeleteOldLogs() line:110: deleted 0 old logs
2019-04-26 13:58:04,881 INFO [1] [C:\Projects\Rekurencjon\Rekurencjon\Program.cs] MoveNext() line:126: Started performance timer
2019-04-26 14:02:40,536 INFO [1] [C:\Projects\Rekurencjon\Rekurencjon\Program.cs] DeleteOldPaths() line:64: deleted 5953 builds
2019-04-26 14:06:44,948 INFO [1] [C:\Projects\Rekurencjon\Rekurencjon\Program.cs] DeleteNotExistingBuild() line:73: deleted 452 builds
2019-04-26 14:06:44,948 INFO [1] [C:\Projects\Rekurencjon\Rekurencjon\PathFinder.cs] MoveNext() line:80: Started getting path, it will take a while...
2019-04-26 14:07:46,632 WARN [18] [C:\Projects\Rekurencjon\Rekurencjon\BuildsFactory.cs] MoveNext() line:101: Unable to get about for: \\demant.com\data\KBN\RnD\SWS\Build\Arizona\Phoenix\Nightly-19.1\Phoenix.Nightly-SkipTest-IP607-b234082\MediumInstaller-19.1\Cumulus\CumulusMediumStrato.exe
2019-04-26 14:07:46,642 WARN [33] [C:\Projects\Rekurencjon\Rekurencjon\BuildsFactory.cs] MoveNext() line:101: Unable to get about for: \\demant.com\data\KBN\RnD\SWS\Build\Arizona\Phoenix\Nightly-19.1\Phoenix.Nightly-SkipTest-IP607-b234082\MediumInstaller-19.1\Cumulus\CumulusMini.exe
2019-04-26 14:07:46,642 WARN [37] [C:\Projects\Rekurencjon\Rekurencjon\BuildsFactory.cs] MoveNext() line:101: Unable to get about for: \\demant.com\data\KBN\RnD\SWS\Build\Arizona\Phoenix\Nightly-19.1\Phoenix.Nightly-SkipTest-IP607-b234082\MediumInstaller-19.1\Genie\GenieMediumAudigy.exe
2019-04-26 14:07:46,642 WARN [35] [C:\Projects\Rekurencjon\Rekurencjon\BuildsFactory.cs] MoveNext() line:101: Unable to get about for: \\demant.com\data\KBN\RnD\SWS\Build\Arizona\Phoenix\Nightly-19.1\Phoenix.Nightly-SkipTest-IP607-b234082\MediumInstaller-19.1\Genie\GenieMediumAmplifon.exe
2019-04-26 14:07:46,642 WARN [32] [C:\Projects\Rekurencjon\Rekurencjon\BuildsFactory.cs] MoveNext() line:101: Unable to get about for: \\demant.com\data\KBN\RnD\SWS\Build\Arizona\Phoenix\Nightly-19.1\Phoenix.Nightly-SkipTest-IP607-b234082\MediumInstaller-19.1\EXPRESSfit\EXPRESSfitMini.exe
2019-04-26 14:07:46,682 WARN [43] [C:\Projects\Rekurencjon\Rekurencjon\BuildsFactory.cs] MoveNext() line:101: Unable to get about for: \\demant.com\data\KBN\RnD\SWS\Build\Arizona\Phoenix\Nightly-19.1\Phoenix.Nightly-SkipTest-IP607-b234082\MediumInstaller-19.1\Genie\GenieMediumAvada.exe
2019-04-26 14:07:46,642 WARN [38] [C:\Projects\Rekurencjon\Rekurencjon\BuildsFactory.cs] MoveNext() line:101: Unable to get about for: \\demant.com\data\KBN\RnD\SWS\Build\Arizona\Phoenix\Nightly-19.1\Phoenix.Nightly-SkipTest-IP607-b234082\MediumInstaller-19.1\Genie\GenieMediumAudika.exe
2019-04-26 14:07:46,642 WARN [36] [C:\Projects\Rekurencjon\Rekurencjon\BuildsFactory.cs] MoveNext() line:62: Unable to create build: \\demant.com\data\KBN\RnD\SWS\Build\Arizona\Phoenix\Nightly-19.1\Phoenix.Nightly-SkipTest-IP607-b234082\MediumInstaller-19.1\Cumulus\CumulusMediumStrato.exe
2019-04-26 14:07:46,642 WARN [34] [C:\Projects\Rekurencjon\Rekurencjon\BuildsFactory.cs] MoveNext() line:101: Unable to get about for: \\demant.com\data\KBN\RnD\SWS\Build\Arizona\Phoenix\Nightly-19.1\Phoenix.Nightly-SkipTest-IP607-b234082\MediumInstaller-19.1\EXPRESSfit\EXPRESSfitMediumSonic.exe
2019-04-26 14:07:46,682 WARN [39] [C:\Projects\Rekurencjon\Rekurencjon\BuildsFactory.cs] MoveNext() line:101: Unable to get about for: \\demant.com\data\KBN\RnD\SWS\Build\Arizona\Phoenix\Nightly-19.1\Phoenix.Nightly-SkipTest-IP607-b234082\MediumInstaller-19.1\Genie\GenieMediumKind.exe
2019-04-26 14:07:46,782 WARN [36] [C:\Projects\Rekurencjon\Rekurencjon\BuildsFactory.cs] MoveNext() line:62: Unable to create build: \\demant.com\data\KBN\RnD\SWS\Build\Arizona\Phoenix\Nightly-19.1\Phoenix.Nightly-SkipTest-IP607-b234082\MediumInstaller-19.1\Genie\GenieMediumAmplifon.exe
2019-04-26 14:07:46,682 WARN [44] [C:\Projects\Rekurencjon\Rekurencjon\BuildsFactory.cs] MoveNext() line:101: Unable to get about for: \\demant.com\data\KBN\RnD\SWS\Build\Arizona\Phoenix\Nightly-19.1\Phoenix.Nightly-SkipTest-IP607-b234082\MediumInstaller-19.1\Genie\GenieMediumAudioNova.exe
2019-04-26 14:07:46,692 WARN [40] [C:\Projects\Rekurencjon\Rekurencjon\BuildsFactory.cs] MoveNext() line:101: Unable to get about for: \\demant.com\data\KBN\RnD\SWS\Build\Arizona\Phoenix\Nightly-19.1\Phoenix.Nightly-SkipTest-IP607-b234082\MediumInstaller-19.1\Genie\GenieMediumVA.exe
2019-04-26 14:07:46,732 WARN [43] [C:\Projects\Rekurencjon\Rekurencjon\BuildsFactory.cs] MoveNext() line:62: Unable to create build: \\demant.com\data\KBN\RnD\SWS\Build\Arizona\Phoenix\Nightly-19.1\Phoenix.Nightly-SkipTest-IP607-b234082\MediumInstaller-19.1\Genie\GenieMediumAvada.exe
2019-04-26 14:07:46,822 WARN [36] [C:\Projects\Rekurencjon\Rekurencjon\BuildsFactory.cs] MoveNext() line:62: Unable to create build: \\demant.com\data\KBN\RnD\SWS\Build\Arizona\Phoenix\Nightly-19.1\Phoenix.Nightly-SkipTest-IP607-b234082\MediumInstaller-19.1\Genie\GenieMediumKind.exe
2019-04-26 14:07:46,702 WARN [41] [C:\Projects\Rekurencjon\Rekurencjon\BuildsFactory.cs] MoveNext() line:101: Unable to get about for: \\demant.com\data\KBN\RnD\SWS\Build\Arizona\Phoenix\Nightly-19.1\Phoenix.Nightly-SkipTest-IP607-b234082\MediumInstaller-19.1\Genie\GenieMini.exe
2019-04-26 14:07:46,702 WARN [42] [C:\Projects\Rekurencjon\Rekurencjon\BuildsFactory.cs] MoveNext() line:101: Unable to get about for: \\demant.com\data\KBN\RnD\SWS\Build\Arizona\Phoenix\Nightly-19.1\Phoenix.Nightly-SkipTest-IP607-b234082\MediumInstaller-19.1\Genie\GenieMediumOticon.exe
2019-04-26 14:07:46,832 WARN [44] [C:\Projects\Rekurencjon\Rekurencjon\BuildsFactory.cs] MoveNext() line:101: Unable to get about for: \\demant.com\data\KBN\RnD\SWS\Build\Arizona\Phoenix\Nightly-19.1\Phoenix.Nightly-SkipTest-IP607-b234082\MediumInstaller-19.1\Oasis\OasisMediumAudilab.exe
2019-04-26 14:07:46,732 WARN [45] [C:\Projects\Rekurencjon\Rekurencjon\BuildsFactory.cs] MoveNext() line:156: Unable to get oem for: \\demant.com\data\KBN\RnD\SWS\Build\Arizona\Phoenix\Nightly-19.1\Phoenix.Nightly-SkipTest-IP607-b234082\MediumInstaller-19.1\EXPRESSfit\EXPRESSfitMini.exe
2019-04-26 14:07:46,832 WARN [39] [C:\Projects\Rekurencjon\Rekurencjon\BuildsFactory.cs] MoveNext() line:62: Unable to create build: \\demant.com\data\KBN\RnD\SWS\Build\Arizona\Phoenix\Nightly-19.1\Phoenix.Nightly-SkipTest-IP607-b234082\MediumInstaller-19.1\Genie\GenieMediumAudioNova.exe
2019-04-26 14:07:46,832 WARN [43] [C:\Projects\Rekurencjon\Rekurencjon\BuildsFactory.cs] MoveNext() line:101: Unable to get about for: \\demant.com\data\KBN\RnD\SWS\Build\Arizona\Phoenix\Nightly-19.1\Phoenix.Nightly-SkipTest-IP607-b234082\MediumInstaller-19.1\Oasis\OasisMediumCostco.exe
2019-04-26 14:07:46,832 WARN [38] [C:\Projects\Rekurencjon\Rekurencjon\BuildsFactory.cs] MoveNext() line:101: Unable to get about for: \\demant.com\data\KBN\RnD\SWS\Build\Arizona\Phoenix\Nightly-19.1\Phoenix.Nightly-SkipTest-IP607-b234082\MediumInstaller-19.1\Oasis\OasisMediumBernafon.exe
2019-04-26 14:07:46,792 WARN [46] [C:\Projects\Rekurencjon\Rekurencjon\BuildsFactory.cs] MoveNext() line:62: Unable to create build: \\demant.com\data\KBN\RnD\SWS\Build\Arizona\Phoenix\Nightly-19.1\Phoenix.Nightly-SkipTest-IP607-b234082\MediumInstaller-19.1\Genie\GenieMediumAudika.exe
2019-04-26 14:07:46,902 WARN [45] [C:\Projects\Rekurencjon\Rekurencjon\BuildsFactory.cs] MoveNext() line:62: Unable to create build: \\demant.com\data\KBN\RnD\SWS\Build\Arizona\Phoenix\Nightly-19.1\Phoenix.Nightly-SkipTest-IP607-b234082\MediumInstaller-19.1\EXPRESSfit\EXPRESSfitMini.exe
2019-04-26 14:07:46,902 WARN [48] [C:\Projects\Rekurencjon\Rekurencjon\BuildsFactory.cs] MoveNext() line:101: Unable to get about for: \\demant.com\data\KBN\RnD\SWS\Build\Arizona\Phoenix\Nightly-19.1\Phoenix.Nightly-SkipTest-IP607-b234082\MediumInstaller-19.1\Oasis\OasisMediumMaico.exe
2019-04-26 14:07:46,902 WARN [41] [C:\Projects\Rekurencjon\Rekurencjon\BuildsFactory.cs] MoveNext() line:156: Unable to get oem for: \\demant.com\data\KBN\RnD\SWS\Build\Arizona\Phoenix\Nightly-19.1\Phoenix.Nightly-SkipTest-IP607-b234082\MediumInstaller-19.1\Genie\GenieMini.exe
2019-04-26 14:07:46,842 WARN [40] [C:\Projects\Rekurencjon\Rekurencjon\BuildsFactory.cs] MoveNext() line:62: Unable to create build: \\demant.com\data\KBN\RnD\SWS\Build\Arizona\Phoenix\Nightly-19.1\Phoenix.Nightly-SkipTest-IP607-b234082\MediumInstaller-19.1\Genie\GenieMediumVA.exe
2019-04-26 14:07:47,082 WARN [41] [C:\Projects\Rekurencjon\Rekurencjon\BuildsFactory.cs] MoveNext() line:62: Unable to create build: \\demant.com\data\KBN\RnD\SWS\Build\Arizona\Phoenix\Nightly-19.1\Phoenix.Nightly-SkipTest-IP607-b234082\MediumInstaller-19.1\Genie\GenieMini.exe
2019-04-26 14:07:46,732 WARN [33] [C:\Projects\Rekurencjon\Rekurencjon\BuildsFactory.cs] MoveNext() line:156: Unable to get oem for: \\demant.com\data\KBN\RnD\SWS\Build\Arizona\Phoenix\Nightly-19.1\Phoenix.Nightly-SkipTest-IP607-b234082\MediumInstaller-19.1\Cumulus\CumulusMini.exe
2019-04-26 14:07:46,802 WARN [37] [C:\Projects\Rekurencjon\Rekurencjon\BuildsFactory.cs] MoveNext() line:62: Unable to create build: \\demant.com\data\KBN\RnD\SWS\Build\Arizona\Phoenix\Nightly-19.1\Phoenix.Nightly-SkipTest-IP607-b234082\MediumInstaller-19.1\Genie\GenieMediumAudigy.exe
2019-04-26 14:07:46,842 WARN [34] [C:\Projects\Rekurencjon\Rekurencjon\BuildsFactory.cs] MoveNext() line:101: Unable to get about for: \\demant.com\data\KBN\RnD\SWS\Build\Arizona\Phoenix\Nightly-19.1\Phoenix.Nightly-SkipTest-IP607-b234082\MediumInstaller-19.1\Oasis\OasisMediumGPL.exe
2019-04-26 14:07:47,192 WARN [55] [C:\Projects\Rekurencjon\Rekurencjon\BuildsFactory.cs] MoveNext() line:62: Unable to create build: \\demant.com\data\KBN\RnD\SWS\Build\Arizona\Phoenix\Nightly-19.1\Phoenix.Nightly-SkipTest-IP607-b234082\MediumInstaller-19.1\Oasis\OasisMediumBernafon.exe
2019-04-26 14:07:46,852 WARN [31] [C:\Projects\Rekurencjon\Rekurencjon\BuildsFactory.cs] MoveNext() line:101: Unable to get about for: \\demant.com\data\KBN\RnD\SWS\Build\Arizona\Phoenix\Nightly-19.1\Phoenix.Nightly-SkipTest-IP607-b234082\MediumInstaller-19.1\Oasis\OasisMediumHansAnders.exe
2019-04-26 14:07:46,822 WARN [35] [C:\Projects\Rekurencjon\Rekurencjon\BuildsFactory.cs] MoveNext() line:62: Unable to create build: \\demant.com\data\KBN\RnD\SWS\Build\Arizona\Phoenix\Nightly-19.1\Phoenix.Nightly-SkipTest-IP607-b234082\MediumInstaller-19.1\EXPRESSfit\EXPRESSfitMediumSonic.exe
2019-04-26 14:07:47,192 WARN [47] [C:\Projects\Rekurencjon\Rekurencjon\BuildsFactory.cs] MoveNext() line:62: Unable to create build: \\demant.com\data\KBN\RnD\SWS\Build\Arizona\Phoenix\Nightly-19.1\Phoenix.Nightly-SkipTest-IP607-b234082\MediumInstaller-19.1\Oasis\OasisMediumAudilab.exe
2019-04-26 14:07:46,722 WARN [32] [C:\Projects\Rekurencjon\Rekurencjon\BuildsFactory.cs] MoveNext() line:101: Unable to get about for: \\demant.com\data\KBN\RnD\SWS\Build\Arizona\Phoenix\Nightly-19.1\Phoenix.Nightly-SkipTest-IP607-b234082\MediumInstaller-19.1\Oasis\OasisMediumAccuQuest.exe
2019-04-26 14:07:47,192 WARN [37] [C:\Projects\Rekurencjon\Rekurencjon\BuildsFactory.cs] MoveNext() line:62: Unable to create build: \\demant.com\data\KBN\RnD\SWS\Build\Arizona\Phoenix\Nightly-19.1\Phoenix.Nightly-SkipTest-IP607-b234082\MediumInstaller-19.1\Oasis\OasisMediumMaico.exe
2019-04-26 14:07:47,192 WARN [57] [C:\Projects\Rekurencjon\Rekurencjon\BuildsFactory.cs] MoveNext() line:62: Unable to create build: \\demant.com\data\KBN\RnD\SWS\Build\Arizona\Phoenix\Nightly-19.1\Phoenix.Nightly-SkipTest-IP607-b234082\MediumInstaller-19.1\Oasis\OasisMediumCostco.exe
2019-04-26 14:07:46,852 WARN [18] [C:\Projects\Rekurencjon\Rekurencjon\BuildsFactory.cs] MoveNext() line:101: Unable to get about for: \\demant.com\data\KBN\RnD\SWS\Build\Arizona\Phoenix\Nightly-19.1\Phoenix.Nightly-SkipTest-IP607-b234082\MediumInstaller-19.1\Oasis\OasisMediumProAkustik.exe
2019-04-26 14:07:47,212 WARN [49] [C:\Projects\Rekurencjon\Rekurencjon\BuildsFactory.cs] MoveNext() line:62: Unable to create build: \\demant.com\data\KBN\RnD\SWS\Build\Arizona\Phoenix\Nightly-19.1\Phoenix.Nightly-SkipTest-IP607-b234082\MediumInstaller-19.1\Oasis\OasisMediumHansAnders.exe
2019-04-26 14:07:47,192 WARN [50] [C:\Projects\Rekurencjon\Rekurencjon\BuildsFactory.cs] MoveNext() line:62: Unable to create build: \\demant.com\data\KBN\RnD\SWS\Build\Arizona\Phoenix\Nightly-19.1\Phoenix.Nightly-SkipTest-IP607-b234082\MediumInstaller-19.1\Genie\GenieMediumOticon.exe
2019-04-26 14:07:47,092 WARN [39] [C:\Projects\Rekurencjon\Rekurencjon\BuildsFactory.cs] MoveNext() line:101: Unable to get about for: \\demant.com\data\KBN\RnD\SWS\Build\Arizona\Phoenix\Nightly-19.1\Phoenix.Nightly-SkipTest-IP607-b234082\MediumInstaller-19.1\Oasis\OasisMediumMeditrend.exe
2019-04-26 14:07:47,212 WARN [55] [C:\Projects\Rekurencjon\Rekurencjon\BuildsFactory.cs] MoveNext() line:62: Unable to create build: \\demant.com\data\KBN\RnD\SWS\Build\Arizona\Phoenix\Nightly-19.1\Phoenix.Nightly-SkipTest-IP607-b234082\MediumInstaller-19.1\Oasis\OasisMediumGPL.exe
2019-04-26 14:07:47,242 WARN [39] [C:\Projects\Rekurencjon\Rekurencjon\BuildsFactory.cs] MoveNext() line:62: Unable to create build: \\demant.com\data\KBN\RnD\SWS\Build\Arizona\Phoenix\Nightly-19.1\Phoenix.Nightly-SkipTest-IP607-b234082\MediumInstaller-19.1\Oasis\OasisMediumMeditrend.exe
2019-04-26 14:07:47,092 WARN [33] [C:\Projects\Rekurencjon\Rekurencjon\BuildsFactory.cs] MoveNext() line:62: Unable to create build: \\demant.com\data\KBN\RnD\SWS\Build\Arizona\Phoenix\Nightly-19.1\Phoenix.Nightly-SkipTest-IP607-b234082\MediumInstaller-19.1\Cumulus\CumulusMini.exe
2019-04-26 14:07:47,092 WARN [36] [C:\Projects\Rekurencjon\Rekurencjon\BuildsFactory.cs] MoveNext() line:101: Unable to get about for: \\demant.com\data\KBN\RnD\SWS\Build\Arizona\Phoenix\Nightly-19.1\Phoenix.Nightly-SkipTest-IP607-b234082\MediumInstaller-19.1\Oasis\OasisMediumHoerex.exe
2019-04-26 14:07:47,242 WARN [18] [C:\Projects\Rekurencjon\Rekurencjon\BuildsFactory.cs] MoveNext() line:62: Unable to create build: \\demant.com\data\KBN\RnD\SWS\Build\Arizona\Phoenix\Nightly-19.1\Phoenix.Nightly-SkipTest-IP607-b234082\MediumInstaller-19.1\Oasis\OasisMediumProAkustik.exe
2019-04-26 14:07:47,262 WARN [37] [C:\Projects\Rekurencjon\Rekurencjon\BuildsFactory.cs] MoveNext() line:62: Unable to create build: \\demant.com\data\KBN\RnD\SWS\Build\Arizona\Phoenix\Nightly-19.1\Phoenix.Nightly-SkipTest-IP607-b234082\MediumInstaller-19.1\Oasis\OasisMediumHoerex.exe
2019-04-26 14:07:47,232 WARN [52] [C:\Projects\Rekurencjon\Rekurencjon\BuildsFactory.cs] MoveNext() line:62: Unable to create build: \\demant.com\data\KBN\RnD\SWS\Build\Arizona\Phoenix\Nightly-19.1\Phoenix.Nightly-SkipTest-IP607-b234082\MediumInstaller-19.1\Oasis\OasisMediumAccuQuest.exe
2019-04-26 14:07:47,262 INFO [52] [C:\Projects\Rekurencjon\Rekurencjon\BuildsFactory.cs] MoveNext() line:27: Number of builds: 6
2019-04-26 14:07:47,961 INFO [52] [C:\Projects\Rekurencjon\Rekurencjon\Program.cs] SaveBuildsToDatabase() line:44: Saved 6 new builds to database
2019-04-26 14:07:47,971 INFO [52] [C:\Projects\Rekurencjon\Rekurencjon\Program.cs] MoveNext() line:142: Stop timer
2019-04-26 14:07:47,971 INFO [52] [C:\Projects\Rekurencjon\Rekurencjon\Program.cs] MoveNext() line:143: Finished in 00:09:43.0912896
